New searcher // idx: 0
New searcher // idx: 0
New searcher // idx: 99999950
New searcher // idx: 199999900
New searcher // idx: 299999850
New searcher // idx: 399999800
New searcher // idx: 499999750
New searcher // idx: 599999700
New searcher // idx: 699999650
New searcher // idx: 799999600
New searcher // idx: 899999550
New searcher // idx: 999999500
New searcher // idx: 1099999450
New searcher // idx: 1199999400
New searcher // idx: 1299999350
New searcher // idx: 1399999300
New searcher // idx: 1499999250
New searcher // idx: 1599999200
New searcher // idx: 1699999150
New searcher // idx: 1799999100
New searcher // idx: 1899999050
New searcher // idx: 0
New searcher // idx: 99999950
New searcher // idx: 199999900
New searcher // idx: 299999850
New searcher // idx: 399999800
New searcher // idx: 499999750
New searcher // idx: 599999700
New searcher // idx: 699999650
New searcher // idx: 799999600
New searcher // idx: 899999550
New searcher // idx: 999999500
New searcher // idx: 40000000000
New searcher // idx: 40099999950
New searcher // idx: 40199999900
New searcher // idx: 40299999850
New searcher // idx: 40399999800
New searcher // idx: 40499999750
New searcher // idx: 40599999700
palindrome found! size: 23 // idx: 40672630244 // pal: 21519781456065418791511
New searcher // idx: 40699999650
New searcher // idx: 40799999600
New searcher // idx: 40899999550
New searcher // idx: 40999999500
New searcher // idx: 41099999450
New searcher // idx: 41199999400
New searcher // idx: 41299999350
New searcher // idx: 41399999300
New searcher // idx: 41499999250
New searcher // idx: 41599999200
New searcher // idx: 41699999150
New searcher // idx: 41799999100
New searcher // idx: 41899999050
New searcher // idx: 41999999000
New searcher // idx: 42099998950
New searcher // idx: 42199998900
New searcher // idx: 42299998850
New searcher // idx: 42399998800
New searcher // idx: 42499998750
New searcher // idx: 42599998700
New searcher // idx: 42699998650
New searcher // idx: 42799998600
New searcher // idx: 42899998550
New searcher // idx: 42999998500
New searcher // idx: 43099998450
New searcher // idx: 43199998400
New searcher // idx: 43299998350
New searcher // idx: 43399998300
New searcher // idx: 43499998250
New searcher // idx: 43599998200
New searcher // idx: 43699998150
New searcher // idx: 43799998100
New searcher // idx: 43899998050
New searcher // idx: 43999998000
New searcher // idx: 44099997950
New searcher // idx: 44199997900
New searcher // idx: 44299997850
New searcher // idx: 44399997800
New searcher // idx: 44499997750
New searcher // idx: 44599997700
New searcher // idx: 44699997650
New searcher // idx: 44799997600
New searcher // idx: 44899997550
New searcher // idx: 44999997500
New searcher // idx: 45099997450
New searcher // idx: 45199997400
palindrome found! size: 23 // idx: 45272831290 // pal: 44369891051615019896349
New searcher // idx: 45299997350
New searcher // idx: 45399997300
New searcher // idx: 45499997250
New searcher // idx: 45599997200
New searcher // idx: 45699997150
New searcher // idx: 45799997100
New searcher // idx: 45899997050
New searcher // idx: 45999997000
New searcher // idx: 46099996950
New searcher // idx: 46199996900
New searcher // idx: 46299996850
New searcher // idx: 46399996800
New searcher // idx: 46499996750
New searcher // idx: 46599996700
New searcher // idx: 46699996650
New searcher // idx: 46799996600
New searcher // idx: 46899996550
New searcher // idx: 46999996500
New searcher // idx: 47099996450
New searcher // idx: 47199996400
New searcher // idx: 47299996350
New searcher // idx: 47399996300
New searcher // idx: 47499996250
New searcher // idx: 47599996200
New searcher // idx: 47699996150
New searcher // idx: 47799996100
New searcher // idx: 47899996050
New searcher // idx: 47999996000
New searcher // idx: 48099995950
New searcher // idx: 48199995900
New searcher // idx: 48299995850
New searcher // idx: 48399995800
New searcher // idx: 48499995750
New searcher // idx: 48599995700
New searcher // idx: 48699995650
New searcher // idx: 48799995600
New searcher // idx: 48899995550
New searcher // idx: 48999995500
New searcher // idx: 49099995450
New searcher // idx: 49199995400
New searcher // idx: 49299995350
New searcher // idx: 49399995300
New searcher // idx: 49499995250
New searcher // idx: 49599995200
New searcher // idx: 49699995150
New searcher // idx: 49799995100
New searcher // idx: 49899995050
New searcher // idx: 49999995000
New searcher // idx: 50099994950
New searcher // idx: 50199994900
New searcher // idx: 50299994850
New searcher // idx: 50399994800
New searcher // idx: 50499994750
New searcher // idx: 50599994700
New searcher // idx: 50699994650
New searcher // idx: 50799994600
New searcher // idx: 50899994550
New searcher // idx: 50999994500
New searcher // idx: 51099994450
New searcher // idx: 51199994400
New searcher // idx: 51299994350
New searcher // idx: 51399994300
New searcher // idx: 51499994250
New searcher // idx: 51599994200
New searcher // idx: 51699994150
New searcher // idx: 51799994100
New searcher // idx: 51899994050
New searcher // idx: 51999994000
New searcher // idx: 52099993950
New searcher // idx: 52199993900
New searcher // idx: 52299993850
New searcher // idx: 52399993800
New searcher // idx: 52499993750
New searcher // idx: 52599993700
New searcher // idx: 52699993650
New searcher // idx: 52799993600
New searcher // idx: 52899993550
New searcher // idx: 52999993500
New searcher // idx: 53099993450
New searcher // idx: 53199993400
New searcher // idx: 53299993350
New searcher // idx: 53399993300
New searcher // idx: 53499993250
New searcher // idx: 53599993200
New searcher // idx: 53699993150
New searcher // idx: 53799993100
New searcher // idx: 53899993050
New searcher // idx: 53999993000
New searcher // idx: 54099992950
New searcher // idx: 54199992900
New searcher // idx: 54299992850
New searcher // idx: 54399992800
New searcher // idx: 54499992750
New searcher // idx: 54599992700
New searcher // idx: 54699992650
New searcher // idx: 54799992600
New searcher // idx: 54899992550
New searcher // idx: 54999992500
New searcher // idx: 55099992450
New searcher // idx: 55199992400
New searcher // idx: 55299992350
New searcher // idx: 55399992300
New searcher // idx: 55499992250
New searcher // idx: 55599992200
New searcher // idx: 55699992150
New searcher // idx: 55799992100
New searcher // idx: 55899992050
New searcher // idx: 55999992000
New searcher // idx: 56099991950
New searcher // idx: 56199991900
New searcher // idx: 56299991850
New searcher // idx: 56399991800
New searcher // idx: 56499991750
New searcher // idx: 56599991700
New searcher // idx: 56699991650
New searcher // idx: 56799991600
New searcher // idx: 56899991550
New searcher // idx: 56999991500
New searcher // idx: 57099991450
New searcher // idx: 57199991400
New searcher // idx: 57299991350
New searcher // idx: 57399991300
New searcher // idx: 57499991250
New searcher // idx: 57599991200
New searcher // idx: 57699991150
New searcher // idx: 57799991100
New searcher // idx: 57899991050
New searcher // idx: 57999991000
New searcher // idx: 58099990950
New searcher // idx: 58199990900
New searcher // idx: 58299990850
New searcher // idx: 58399990800
New searcher // idx: 58499990750
New searcher // idx: 58599990700
New searcher // idx: 58699990650
New searcher // idx: 58799990600
New searcher // idx: 58899990550
New searcher // idx: 58999990500
New searcher // idx: 59099990450
palindrome found! size: 23 // idx: 59108732101 // pal: 95543665340904356634551
New searcher // idx: 59199990400
New searcher // idx: 59299990350
New searcher // idx: 59399990300
palindrome found! size: 23 // idx: 59401964918 // pal: 95204791891519819740250
New searcher // idx: 59499990250
New searcher // idx: 59599990200
New searcher // idx: 59699990150
New searcher // idx: 59799990100
New searcher // idx: 59899990050
New searcher // idx: 59999990000
New searcher // idx: 60099989950
New searcher // idx: 60199989900
New searcher // idx: 60299989850
New searcher // idx: 60399989800
New searcher // idx: 60499989750
New searcher // idx: 60599989700
New searcher // idx: 60699989650
New searcher // idx: 60799989600
New searcher // idx: 60899989550
New searcher // idx: 60999989500
New searcher // idx: 61099989450
New searcher // idx: 61199989400
New searcher // idx: 61299989350
New searcher // idx: 61399989300
New searcher // idx: 61499989250
New searcher // idx: 61599989200
New searcher // idx: 61699989150
New searcher // idx: 61799989100
New searcher // idx: 61899989050
New searcher // idx: 61999989000
New searcher // idx: 62099988950
New searcher // idx: 62199988900
New searcher // idx: 62299988850
New searcher // idx: 62399988800
New searcher // idx: 62499988750
New searcher // idx: 62599988700
New searcher // idx: 62699988650
New searcher // idx: 62799988600
New searcher // idx: 62899988550
New searcher // idx: 62999988500
New searcher // idx: 63099988450
New searcher // idx: 63199988400
New searcher // idx: 63299988350
New searcher // idx: 63399988300
New searcher // idx: 63499988250
New searcher // idx: 63599988200
New searcher // idx: 63699988150
New searcher // idx: 63799988100
New searcher // idx: 63899988050
New searcher // idx: 63999988000
New searcher // idx: 64099987950
New searcher // idx: 64199987900
New searcher // idx: 64299987850
New searcher // idx: 64399987800
New searcher // idx: 64499987750
New searcher // idx: 64599987700
New searcher // idx: 64699987650
New searcher // idx: 64799987600
New searcher // idx: 64899987550
New searcher // idx: 64999987500
New searcher // idx: 65099987450
New searcher // idx: 65199987400
New searcher // idx: 65299987350
New searcher // idx: 65399987300
New searcher // idx: 65499987250
New searcher // idx: 65599987200
New searcher // idx: 65699987150
New searcher // idx: 65799987100
New searcher // idx: 65899987050
New searcher // idx: 65999987000
New searcher // idx: 66099986950
New searcher // idx: 66199986900
New searcher // idx: 66299986850
New searcher // idx: 66399986800
New searcher // idx: 66499986750
New searcher // idx: 66599986700
New searcher // idx: 66699986650
New searcher // idx: 66799986600
New searcher // idx: 66899986550
New searcher // idx: 66999986500
New searcher // idx: 67099986450
New searcher // idx: 67199986400
New searcher // idx: 67299986350
New searcher // idx: 67399986300
New searcher // idx: 67499986250
New searcher // idx: 67599986200
New searcher // idx: 67699986150
New searcher // idx: 67799986100
New searcher // idx: 67899986050
New searcher // idx: 67999986000
New searcher // idx: 68099985950
New searcher // idx: 68199985900
New searcher // idx: 68299985850
New searcher // idx: 68399985800
New searcher // idx: 68499985750
New searcher // idx: 68599985700
New searcher // idx: 68699985650
New searcher // idx: 68799985600
New searcher // idx: 68899985550
New searcher // idx: 68999985500
New searcher // idx: 69099985450
New searcher // idx: 69199985400
New searcher // idx: 69299985350
New searcher // idx: 69399985300
New searcher // idx: 69499985250
New searcher // idx: 69599985200
New searcher // idx: 69699985150
New searcher // idx: 69799985100
New searcher // idx: 69899985050
New searcher // idx: 69999985000
New searcher // idx: 70099984950
New searcher // idx: 70199984900
New searcher // idx: 70299984850
New searcher // idx: 70399984800
New searcher // idx: 70499984750
New searcher // idx: 70599984700
New searcher // idx: 70699984650
New searcher // idx: 70799984600
New searcher // idx: 70899984550
New searcher // idx: 70999984500
New searcher // idx: 71099984450
New searcher // idx: 71199984400
New searcher // idx: 71299984350
New searcher // idx: 71399984300
New searcher // idx: 71499984250
New searcher // idx: 71599984200
New searcher // idx: 71699984150
New searcher // idx: 71799984100
New searcher // idx: 71899984050
New searcher // idx: 71999984000
New searcher // idx: 72099983950
New searcher // idx: 72199983900
New searcher // idx: 72299983850
New searcher // idx: 72399983800
New searcher // idx: 72499983750
New searcher // idx: 72599983700
New searcher // idx: 72699983650
New searcher // idx: 72799983600
New searcher // idx: 72899983550
New searcher // idx: 72999983500
New searcher // idx: 73099983450
New searcher // idx: 73199983400
New searcher // idx: 73299983350
New searcher // idx: 73399983300
New searcher // idx: 73499983250
New searcher // idx: 73599983200
New searcher // idx: 73699983150
New searcher // idx: 73799983100
New searcher // idx: 73899983050
New searcher // idx: 73999983000
New searcher // idx: 74099982950
New searcher // idx: 74199982900
New searcher // idx: 74299982850
New searcher // idx: 74399982800
New searcher // idx: 74499982750
New searcher // idx: 74599982700
New searcher // idx: 74699982650
New searcher // idx: 74799982600
New searcher // idx: 74899982550
palindrome found! size: 23 // idx: 74990263592 // pal: 32546795737073759764529
New searcher // idx: 74999982500
New searcher // idx: 75099982450
New searcher // idx: 75199982400
palindrome found! size: 23 // idx: 75246904468 // pal: 50761741006260014716704
New searcher // idx: 75299982350
New searcher // idx: 75399982300
New searcher // idx: 75499982250
New searcher // idx: 75599982200
New searcher // idx: 75699982150
New searcher // idx: 75799982100
New searcher // idx: 75899982050
New searcher // idx: 75999982000
New searcher // idx: 76099981950
New searcher // idx: 76199981900
New searcher // idx: 76299981850
New searcher // idx: 76399981800
New searcher // idx: 76499981750
New searcher // idx: 76599981700
New searcher // idx: 76699981650
New searcher // idx: 76799981600
palindrome found! size: 25 // idx: 76822195252 // pal: 4092382305750575032832909
New searcher // idx: 76899981550
New searcher // idx: 76999981500
New searcher // idx: 77099981450
New searcher // idx: 77199981400
New searcher // idx: 77299981350
New searcher // idx: 77399981300
New searcher // idx: 77499981250
New searcher // idx: 77599981200
New searcher // idx: 77699981150
New searcher // idx: 77799981100
New searcher // idx: 77899981050
New searcher // idx: 77999981000
New searcher // idx: 78099980950
New searcher // idx: 78199980900
New searcher // idx: 78299980850
New searcher // idx: 78399980800
New searcher // idx: 78499980750
New searcher // idx: 78599980700
New searcher // idx: 78699980650
New searcher // idx: 78799980600
New searcher // idx: 78899980550
New searcher // idx: 78999980500
New searcher // idx: 79099980450
New searcher // idx: 79199980400
New searcher // idx: 79299980350
New searcher // idx: 79399980300
New searcher // idx: 79499980250
New searcher // idx: 79599980200
New searcher // idx: 79699980150
New searcher // idx: 79799980100
New searcher // idx: 79899980050
New searcher // idx: 79999980000
New searcher // idx: 80099979950
New searcher // idx: 80199979900
New searcher // idx: 80299979850
New searcher // idx: 80399979800
New searcher // idx: 80499979750
New searcher // idx: 80599979700
New searcher // idx: 80699979650
New searcher // idx: 80799979600
New searcher // idx: 80899979550
New searcher // idx: 80999979500
New searcher // idx: 81099979450
New searcher // idx: 81199979400
New searcher // idx: 81299979350
New searcher // idx: 81399979300
New searcher // idx: 81499979250
New searcher // idx: 81599979200
New searcher // idx: 81699979150
New searcher // idx: 81799979100
New searcher // idx: 81899979050
New searcher // idx: 81999979000
New searcher // idx: 82099978950
New searcher // idx: 82199978900
New searcher // idx: 82299978850
New searcher // idx: 82399978800
New searcher // idx: 82499978750
New searcher // idx: 82599978700
New searcher // idx: 82699978650
New searcher // idx: 82799978600
New searcher // idx: 82899978550
New searcher // idx: 82999978500
New searcher // idx: 83099978450
New searcher // idx: 83199978400
New searcher // idx: 83299978350
New searcher // idx: 83399978300
New searcher // idx: 83499978250
New searcher // idx: 83599978200
New searcher // idx: 83699978150
New searcher // idx: 83799978100
New searcher // idx: 83899978050
New searcher // idx: 83999978000
New searcher // idx: 84099977950
New searcher // idx: 84199977900
New searcher // idx: 84299977850
New searcher // idx: 84399977800
New searcher // idx: 84499977750
New searcher // idx: 84599977700
New searcher // idx: 84699977650
New searcher // idx: 84799977600
New searcher // idx: 84899977550
New searcher // idx: 84999977500
New searcher // idx: 85099977450
New searcher // idx: 85199977400
New searcher // idx: 85299977350
New searcher // idx: 85399977300
New searcher // idx: 85499977250
New searcher // idx: 85599977200
New searcher // idx: 85699977150
New searcher // idx: 85799977100
New searcher // idx: 85899977050
New searcher // idx: 85999977000
New searcher // idx: 86099976950
New searcher // idx: 86199976900
New searcher // idx: 86299976850
New searcher // idx: 86399976800
New searcher // idx: 86499976750
New searcher // idx: 86599976700
New searcher // idx: 86699976650
New searcher // idx: 86799976600
New searcher // idx: 86899976550
New searcher // idx: 86999976500
New searcher // idx: 87099976450
New searcher // idx: 87199976400
New searcher // idx: 87299976350
New searcher // idx: 87399976300
New searcher // idx: 87499976250
New searcher // idx: 87599976200
New searcher // idx: 87699976150
New searcher // idx: 87799976100
New searcher // idx: 87899976050
New searcher // idx: 87999976000
New searcher // idx: 88099975950
New searcher // idx: 88199975900
New searcher // idx: 88299975850
New searcher // idx: 88399975800
New searcher // idx: 88499975750
New searcher // idx: 88599975700
New searcher // idx: 88699975650
New searcher // idx: 88799975600
New searcher // idx: 88899975550
New searcher // idx: 88999975500
New searcher // idx: 89099975450
New searcher // idx: 89199975400
New searcher // idx: 89299975350
New searcher // idx: 89399975300
New searcher // idx: 89499975250
New searcher // idx: 89599975200
New searcher // idx: 89699975150
New searcher // idx: 89799975100
New searcher // idx: 89899975050
New searcher // idx: 89999975000
New searcher // idx: 90099974950
New searcher // idx: 90199974900
New searcher // idx: 90299974850
New searcher // idx: 90399974800
New searcher // idx: 90499974750
New searcher // idx: 90599974700
New searcher // idx: 90699974650
New searcher // idx: 90799974600
New searcher // idx: 90899974550
New searcher // idx: 90999974500
New searcher // idx: 91099974450
New searcher // idx: 91199974400
New searcher // idx: 91299974350
New searcher // idx: 91399974300
New searcher // idx: 91499974250
New searcher // idx: 91599974200
New searcher // idx: 91699974150
New searcher // idx: 91799974100
New searcher // idx: 91899974050
New searcher // idx: 91999974000
New searcher // idx: 92099973950
New searcher // idx: 92199973900
New searcher // idx: 92299973850
New searcher // idx: 92399973800
New searcher // idx: 92499973750
New searcher // idx: 92599973700
New searcher // idx: 92699973650
New searcher // idx: 92799973600
New searcher // idx: 92899973550
New searcher // idx: 92999973500
New searcher // idx: 93099973450
New searcher // idx: 93199973400
New searcher // idx: 93299973350
New searcher // idx: 93399973300
New searcher // idx: 93499973250
New searcher // idx: 93599973200
New searcher // idx: 93699973150
New searcher // idx: 93799973100
New searcher // idx: 93899973050
palindrome found! size: 23 // idx: 93923956387 // pal: 09344242941914924244393
New searcher // idx: 93999973000
New searcher // idx: 94099972950
New searcher // idx: 94199972900
New searcher // idx: 94299972850
palindrome found! size: 23 // idx: 94381565477 // pal: 40677304241614240377601
New searcher // idx: 94399972800
New searcher // idx: 94499972750
New searcher // idx: 94599972700
New searcher // idx: 94699972650
New searcher // idx: 94799972600
New searcher // idx: 94899972550
New searcher // idx: 94999972500
New searcher // idx: 95099972450
New searcher // idx: 95199972400
New searcher // idx: 95299972350
New searcher // idx: 95399972300
New searcher // idx: 95499972250
New searcher // idx: 95599972200
New searcher // idx: 95699972150
New searcher // idx: 95799972100
New searcher // idx: 95899972050
New searcher // idx: 95999972000
New searcher // idx: 96099971950
New searcher // idx: 96199971900
New searcher // idx: 96299971850
New searcher // idx: 96399971800
New searcher // idx: 96499971750
New searcher // idx: 96599971700
New searcher // idx: 96699971650
New searcher // idx: 96799971600
New searcher // idx: 96899971550
New searcher // idx: 96999971500
New searcher // idx: 97099971450
New searcher // idx: 97199971400
New searcher // idx: 97299971350
New searcher // idx: 97399971300
New searcher // idx: 97499971250
New searcher // idx: 97599971200
New searcher // idx: 97699971150
New searcher // idx: 97799971100
New searcher // idx: 97899971050
New searcher // idx: 97999971000
New searcher // idx: 98099970950
New searcher // idx: 98199970900
New searcher // idx: 98299970850
New searcher // idx: 98399970800
New searcher // idx: 98499970750
New searcher // idx: 98599970700
New searcher // idx: 98699970650
New searcher // idx: 98799970600
New searcher // idx: 98899970550
New searcher // idx: 98999970500
New searcher // idx: 99099970450
New searcher // idx: 99199970400
New searcher // idx: 99299970350
New searcher // idx: 99399970300
New searcher // idx: 99499970250
New searcher // idx: 99599970200
New searcher // idx: 99699970150
New searcher // idx: 99799970100
New searcher // idx: 99899970050
New searcher // idx: 99999970000
New searcher // idx: 0
aaaa
New searcher // idx: 0
aaaa
New searcher // idx: 0
aaaa
palindrome found! size: 9 // center idx: 13389 // pal: 006979600
palindrome found! size: 9 // center idx: 21417 // pal: 316131613
palindrome found! size: 9 // center idx: 29933 // pal: 543838345
palindrome found! size: 9 // center idx: 35925 // pal: 556979655
palindrome found! size: 9 // center idx: 39018 // pal: 774929477
palindrome found! size: 9 // center idx: 40597 // pal: 653787356
palindrome found! size: 9 // center idx: 44761 // pal: 528484825
palindrome found! size: 9 // center idx: 47378 // pal: 504070405
palindrome found! size: 9 // center idx: 64402 // pal: 568454865
palindrome found! size: 9 // center idx: 90700 // pal: 171494171
palindrome found! size: 9 // center idx: 90780 // pal: 058353850
palindrome found! size: 11 // center idx: 106103 // pal: 07105150170
palindrome found! size: 9 // center idx: 110250 // pal: 023909320
palindrome found! size: 9 // center idx: 118724 // pal: 176707671
palindrome found! size: 9 // center idx: 138844 // pal: 245484542
palindrome found! size: 9 // center idx: 163947 // pal: 814808418
palindrome found! size: 13 // center idx: 165524 // pal: 7498196918947
palindrome found! size: 9 // center idx: 166022 // pal: 860181068
palindrome found! size: 9 // center idx: 176571 // pal: 234454432
palindrome found! size: 9 // center idx: 183808 // pal: 076949670
palindrome found! size: 9 // center idx: 214567 // pal: 861343168
palindrome found! size: 9 // center idx: 243811 // pal: 414171414
palindrome found! size: 9 // center idx: 250584 // pal: 541282145
palindrome found! size: 11 // center idx: 258624 // pal: 91013731019
palindrome found! size: 9 // center idx: 267765 // pal: 083525380
palindrome found! size: 9 // center idx: 288041 // pal: 123616321
palindrome found! size: 9 // center idx: 312378 // pal: 481585184
palindrome found! size: 9 // center idx: 313450 // pal: 076838670
palindrome found! size: 9 // center idx: 314356 // pal: 072363270
palindrome found! size: 9 // center idx: 342778 // pal: 634676436
palindrome found! size: 9 // center idx: 353349 // pal: 522989225
palindrome found! size: 9 // center idx: 363980 // pal: 292797292
palindrome found! size: 9 // center idx: 383524 // pal: 103080301
palindrome found! size: 9 // center idx: 386651 // pal: 874565478
palindrome found! size: 9 // center idx: 400047 // pal: 930626039
palindrome found! size: 9 // center idx: 401513 // pal: 225101522
palindrome found! size: 9 // center idx: 410089 // pal: 872454278
palindrome found! size: 9 // center idx: 422197 // pal: 584424485
palindrome found! size: 9 // center idx: 436637 // pal: 514959415
palindrome found! size: 9 // center idx: 445144 // pal: 318595813
palindrome found! size: 9 // center idx: 499097 // pal: 004000400
palindrome found! size: 9 // center idx: 503290 // pal: 411494114
palindrome found! size: 9 // center idx: 522950 // pal: 440232044
palindrome found! size: 9 // center idx: 526554 // pal: 237212732
palindrome found! size: 9 // center idx: 529704 // pal: 225848522
palindrome found! size: 9 // center idx: 534971 // pal: 836707638
palindrome found! size: 9 // center idx: 541444 // pal: 884111488
palindrome found! size: 11 // center idx: 559574 // pal: 37575557573
palindrome found! size: 9 // center idx: 565482 // pal: 493777394
palindrome found! size: 13 // center idx: 567995 // pal: 2663954593662
palindrome found! size: 9 // center idx: 594754 // pal: 054818450
palindrome found! size: 9 // center idx: 597177 // pal: 615727516
palindrome found! size: 11 // center idx: 600454 // pal: 83087178038
palindrome found! size: 9 // center idx: 608212 // pal: 121727121
palindrome found! size: 11 // center idx: 638808 // pal: 46656165664
palindrome found! size: 9 // center idx: 652228 // pal: 631282136
palindrome found! size: 9 // center idx: 664057 // pal: 248424842
palindrome found! size: 9 // center idx: 669619 // pal: 862545268
palindrome found! size: 11 // center idx: 670959 // pal: 01865656810
palindrome found! size: 9 // center idx: 684760 // pal: 554090455
palindrome found! size: 9 // center idx: 694215 // pal: 729757927
palindrome found! size: 9 // center idx: 718913 // pal: 702494207
palindrome found! size: 9 // center idx: 722063 // pal: 693666396
palindrome found! size: 9 // center idx: 727096 // pal: 313060313
palindrome found! size: 9 // center idx: 731860 // pal: 249575942
palindrome found! size: 9 // center idx: 745382 // pal: 358242853
palindrome found! size: 9 // center idx: 766573 // pal: 847373748
palindrome found! size: 9 // center idx: 780442 // pal: 861050168
palindrome found! size: 9 // center idx: 780924 // pal: 878191878
palindrome found! size: 9 // center idx: 786850 // pal: 912565219
palindrome found! size: 9 // center idx: 795824 // pal: 485181584
palindrome found! size: 9 // center idx: 810081 // pal: 618202816
palindrome found! size: 11 // center idx: 825461 // pal: 46781118764
palindrome found! size: 9 // center idx: 832025 // pal: 928000829
palindrome found! size: 9 // center idx: 864629 // pal: 533707335
palindrome found! size: 9 // center idx: 887898 // pal: 094000490
palindrome found! size: 9 // center idx: 888192 // pal: 137777731
palindrome found! size: 9 // center idx: 920713 // pal: 680252086
palindrome found! size: 9 // center idx: 936511 // pal: 736181637
palindrome found! size: 9 // center idx: 937756 // pal: 303242303
palindrome found! size: 9 // center idx: 959875 // pal: 861404168
palindrome found! size: 9 // center idx: 961182 // pal: 058191850
palindrome found! size: 9 // center idx: 961528 // pal: 645939546
palindrome found! size: 9 // center idx: 974847 // pal: 053969350
palindrome found! size: 9 // center idx: 982580 // pal: 550484055
palindrome found! size: 9 // center idx: 984753 // pal: 589171985
palindrome found! size: 9 // center idx: 992656 // pal: 447020744
palindrome found! size: 9 // center idx: 1005358 // pal: 356717653
palindrome found! size: 9 // center idx: 1005839 // pal: 514565415
palindrome found! size: 9 // center idx: 1007326 // pal: 899888998
palindrome found! size: 9 // center idx: 1014740 // pal: 078020870
palindrome found! size: 9 // center idx: 1018227 // pal: 263393362
palindrome found! size: 13 // center idx: 1021609 // pal: 3462551552643
palindrome found! size: 9 // center idx: 1047612 // pal: 819121918
palindrome found! size: 9 // center idx: 1071364 // pal: 697999796
palindrome found! size: 9 // center idx: 1106292 // pal: 566909665
palindrome found! size: 9 // center idx: 1109832 // pal: 736303637
palindrome found! size: 9 // center idx: 1119766 // pal: 046181640
palindrome found! size: 9 // center idx: 1120534 // pal: 396292693
palindrome found! size: 9 // center idx: 1139425 // pal: 242121242
palindrome found! size: 9 // center idx: 1149037 // pal: 074363470
palindrome found! size: 9 // center idx: 1156534 // pal: 481848184
palindrome found! size: 9 // center idx: 1168453 // pal: 824141428
palindrome found! size: 9 // center idx: 1181959 // pal: 861535168
palindrome found! size: 9 // center idx: 1190992 // pal: 603343306
palindrome found! size: 9 // center idx: 1192691 // pal: 394717493
palindrome found! size: 9 // center idx: 1225539 // pal: 759444957
palindrome found! size: 9 // center idx: 1234591 // pal: 701202107
palindrome found! size: 9 // center idx: 1241885 // pal: 435292534
palindrome found! size: 9 // center idx: 1243550 // pal: 057222750
palindrome found! size: 9 // center idx: 1243662 // pal: 293717392
palindrome found! size: 9 // center idx: 1254384 // pal: 216090612
palindrome found! size: 9 // center idx: 1286581 // pal: 223282322
palindrome found! size: 9 // center idx: 1302956 // pal: 372999273
palindrome found! size: 9 // center idx: 1314368 // pal: 007969700
palindrome found! size: 9 // center idx: 1327716 // pal: 137454731
palindrome found! size: 9 // center idx: 1341159 // pal: 869181968
palindrome found! size: 9 // center idx: 1346357 // pal: 653676356
palindrome found! size: 9 // center idx: 1364990 // pal: 928161829
palindrome found! size: 9 // center idx: 1367455 // pal: 871151178
palindrome found! size: 11 // center idx: 1386632 // pal: 93527972539
palindrome found! size: 9 // center idx: 1391020 // pal: 351414153
palindrome found! size: 11 // center idx: 1397767 // pal: 52315051325
palindrome found! size: 9 // center idx: 1397960 // pal: 818828818
palindrome found! size: 9 // center idx: 1402988 // pal: 135434531
palindrome found! size: 9 // center idx: 1410134 // pal: 668060866
palindrome found! size: 9 // center idx: 1422192 // pal: 944959449
palindrome found! size: 9 // center idx: 1436380 // pal: 405565504
palindrome found! size: 9 // center idx: 1465625 // pal: 592868295
palindrome found! size: 9 // center idx: 1477118 // pal: 397010793
palindrome found! size: 11 // center idx: 1482145 // pal: 98207970289
palindrome found! size: 9 // center idx: 1483634 // pal: 791101197
palindrome found! size: 9 // center idx: 1490251 // pal: 115111511
palindrome found! size: 9 // center idx: 1491014 // pal: 375909573
palindrome found! size: 9 // center idx: 1514073 // pal: 370787073
palindrome found! size: 9 // center idx: 1523168 // pal: 421707124
palindrome found! size: 9 // center idx: 1532456 // pal: 369252963
palindrome found! size: 9 // center idx: 1544384 // pal: 943494349
palindrome found! size: 9 // center idx: 1551072 // pal: 880202088
palindrome found! size: 9 // center idx: 1568896 // pal: 015151510
palindrome found! size: 11 // center idx: 1572312 // pal: 49320102394
palindrome found! size: 9 // center idx: 1585021 // pal: 570262075
palindrome found! size: 9 // center idx: 1603455 // pal: 834474438
palindrome found! size: 9 // center idx: 1607168 // pal: 293202392
palindrome found! size: 9 // center idx: 1622701 // pal: 073909370
palindrome found! size: 9 // center idx: 1622951 // pal: 807535708
palindrome found! size: 9 // center idx: 1628346 // pal: 253353352
palindrome found! size: 9 // center idx: 1644429 // pal: 485030584
palindrome found! size: 9 // center idx: 1649430 // pal: 670292076
palindrome found! size: 9 // center idx: 1659194 // pal: 413878314
palindrome found! size: 9 // center idx: 1665585 // pal: 988959889
palindrome found! size: 9 // center idx: 1670771 // pal: 714888417
palindrome found! size: 9 // center idx: 1671913 // pal: 355393553
palindrome found! size: 9 // center idx: 1717975 // pal: 984111489
palindrome found! size: 9 // center idx: 1719037 // pal: 280626082
palindrome found! size: 9 // center idx: 1762209 // pal: 573636375
palindrome found! size: 9 // center idx: 1777142 // pal: 355373553
palindrome found! size: 9 // center idx: 1782094 // pal: 917838719
palindrome found! size: 11 // center idx: 1783424 // pal: 54741414745
palindrome found! size: 9 // center idx: 1793455 // pal: 804666408
palindrome found! size: 9 // center idx: 1794192 // pal: 179595971
palindrome found! size: 9 // center idx: 1810703 // pal: 460232064
palindrome found! size: 9 // center idx: 1811015 // pal: 762111267
palindrome found! size: 9 // center idx: 1811974 // pal: 156030651
palindrome found! size: 9 // center idx: 1813527 // pal: 313474313
palindrome found! size: 9 // center idx: 1814421 // pal: 031131130
palindrome found! size: 9 // center idx: 1818657 // pal: 348313843
palindrome found! size: 9 // center idx: 1819122 // pal: 543242345
palindrome found! size: 9 // center idx: 1824874 // pal: 306606603
palindrome found! size: 9 // center idx: 1830819 // pal: 347272743
palindrome found! size: 9 // center idx: 1831268 // pal: 552848255
palindrome found! size: 9 // center idx: 1831872 // pal: 090919090
palindrome found! size: 9 // center idx: 1835563 // pal: 687282786
palindrome found! size: 11 // center idx: 1843621 // pal: 56066066065
palindrome found! size: 11 // center idx: 1861123 // pal: 14114541141
palindrome found! size: 9 // center idx: 1875491 // pal: 339424933
palindrome found! size: 9 // center idx: 1899116 // pal: 621787126
palindrome found! size: 9 // center idx: 1899913 // pal: 318999813
palindrome found! size: 9 // center idx: 1903689 // pal: 672111276
palindrome found! size: 9 // center idx: 1912770 // pal: 159000951
palindrome found! size: 9 // center idx: 1916331 // pal: 947111749
palindrome found! size: 9 // center idx: 1922402 // pal: 239999932
palindrome found! size: 9 // center idx: 1929123 // pal: 846626648
palindrome found! size: 11 // center idx: 1954336 // pal: 97803530879
palindrome found! size: 9 // center idx: 1956132 // pal: 758929857
palindrome found! size: 9 // center idx: 2005714 // pal: 390858093
palindrome found! size: 11 // center idx: 2053840 // pal: 95128982159
palindrome found! size: 9 // center idx: 2066812 // pal: 972898279
palindrome found! size: 9 // center idx: 2106870 // pal: 931454139
palindrome found! size: 9 // center idx: 2130577 // pal: 957535759
palindrome found! size: 9 // center idx: 2131005 // pal: 257959752
palindrome found! size: 9 // center idx: 2155702 // pal: 432707234
palindrome found! size: 9 // center idx: 2162603 // pal: 337181733
palindrome found! size: 9 // center idx: 2163142 // pal: 551979155
palindrome found! size: 9 // center idx: 2168974 // pal: 411858114
palindrome found! size: 11 // center idx: 2187302 // pal: 81946664918
palindrome found! size: 9 // center idx: 2188047 // pal: 445848544
palindrome found! size: 9 // center idx: 2198898 // pal: 826474628
palindrome found! size: 9 // center idx: 2232759 // pal: 978121879
palindrome found! size: 9 // center idx: 2233836 // pal: 855646558
palindrome found! size: 9 // center idx: 2233936 // pal: 295898592
palindrome found! size: 11 // center idx: 2238095 // pal: 64292829246
palindrome found! size: 9 // center idx: 2238672 // pal: 163575361
palindrome found! size: 9 // center idx: 2242391 // pal: 317808713
palindrome found! size: 9 // center idx: 2248447 // pal: 539515935
palindrome found! size: 9 // center idx: 2250263 // pal: 289646982
palindrome found! size: 9 // center idx: 2259708 // pal: 309464903
palindrome found! size: 9 // center idx: 2271991 // pal: 604797406
palindrome found! size: 9 // center idx: 2282806 // pal: 940020049
palindrome found! size: 13 // center idx: 2307198 // pal: 2840479740482
palindrome found! size: 9 // center idx: 2312507 // pal: 303404303
palindrome found! size: 9 // center idx: 2312943 // pal: 606717606
palindrome found! size: 9 // center idx: 2315009 // pal: 642474246
palindrome found! size: 11 // center idx: 2442702 // pal: 29178787192
palindrome found! size: 9 // center idx: 2450682 // pal: 069464960
palindrome found! size: 9 // center idx: 2455143 // pal: 175020571
palindrome found! size: 9 // center idx: 2481331 // pal: 682686286
palindrome found! size: 9 // center idx: 2482022 // pal: 651151156
palindrome found! size: 9 // center idx: 2487908 // pal: 448575844
palindrome found! size: 9 // center idx: 2501880 // pal: 702575207
palindrome found! size: 9 // center idx: 2518767 // pal: 021353120
palindrome found! size: 11 // center idx: 2537306 // pal: 32628982623
palindrome found! size: 9 // center idx: 2539417 // pal: 265474562
palindrome found! size: 9 // center idx: 2544845 // pal: 861232168
palindrome found! size: 9 // center idx: 2546708 // pal: 679636976
palindrome found! size: 9 // center idx: 2566277 // pal: 406464604
palindrome found! size: 9 // center idx: 2567581 // pal: 913818319
palindrome found! size: 9 // center idx: 2587557 // pal: 662979266
palindrome found! size: 9 // center idx: 2595450 // pal: 927767729
palindrome found! size: 9 // center idx: 2596924 // pal: 519646915
palindrome found! size: 9 // center idx: 2598766 // pal: 002363200
palindrome found! size: 9 // center idx: 2599426 // pal: 971878179
palindrome found! size: 11 // center idx: 2606173 // pal: 08897479880
palindrome found! size: 9 // center idx: 2611148 // pal: 014494410
palindrome found! size: 9 // center idx: 2623390 // pal: 542525245
palindrome found! size: 9 // center idx: 2642770 // pal: 470898074
palindrome found! size: 9 // center idx: 2644831 // pal: 343555343
palindrome found! size: 9 // center idx: 2661994 // pal: 573050375
palindrome found! size: 11 // center idx: 2687658 // pal: 33239393233
palindrome found! size: 9 // center idx: 2693293 // pal: 049636940
palindrome found! size: 9 // center idx: 2716183 // pal: 408494804
palindrome found! size: 9 // center idx: 2729206 // pal: 144636441
palindrome found! size: 11 // center idx: 2735604 // pal: 22838983822
palindrome found! size: 9 // center idx: 2738131 // pal: 826101628
palindrome found! size: 9 // center idx: 2746105 // pal: 329070923
palindrome found! size: 9 // center idx: 2747818 // pal: 549696945
palindrome found! size: 13 // center idx: 2750343 // pal: 7217123217127
palindrome found! size: 9 // center idx: 2776215 // pal: 280020082
palindrome found! size: 9 // center idx: 2804656 // pal: 578434875
palindrome found! size: 9 // center idx: 2804881 // pal: 569545965
palindrome found! size: 11 // center idx: 2810172 // pal: 15167876151
palindrome found! size: 11 // center idx: 2822701 // pal: 42076567024
palindrome found! size: 9 // center idx: 2831580 // pal: 765333567
palindrome found! size: 9 // center idx: 2842486 // pal: 719010917
palindrome found! size: 9 // center idx: 2846127 // pal: 970757079
palindrome found! size: 9 // center idx: 2850764 // pal: 601646106
palindrome found! size: 9 // center idx: 2854664 // pal: 571969175
palindrome found! size: 9 // center idx: 2867775 // pal: 168010861
palindrome found! size: 9 // center idx: 2870467 // pal: 060797060
palindrome found! size: 9 // center idx: 2873349 // pal: 954000459
palindrome found! size: 9 // center idx: 2880071 // pal: 707141707
palindrome found! size: 9 // center idx: 2899229 // pal: 511383115
palindrome found! size: 9 // center idx: 2901305 // pal: 577222775
palindrome found! size: 9 // center idx: 2906892 // pal: 420161024
palindrome found! size: 9 // center idx: 2917045 // pal: 499777994
palindrome found! size: 9 // center idx: 2918709 // pal: 011686110
palindrome found! size: 9 // center idx: 2924479 // pal: 707767707
palindrome found! size: 9 // center idx: 2925751 // pal: 326666623
palindrome found! size: 9 // center idx: 2928380 // pal: 914363419
palindrome found! size: 9 // center idx: 2928902 // pal: 995303599
palindrome found! size: 9 // center idx: 2930044 // pal: 001151100
palindrome found! size: 9 // center idx: 2962782 // pal: 156292651
palindrome found! size: 9 // center idx: 2964169 // pal: 628939826
palindrome found! size: 9 // center idx: 2987448 // pal: 678727876
palindrome found! size: 9 // center idx: 3008209 // pal: 048191840
palindrome found! size: 9 // center idx: 3020253 // pal: 434878434
palindrome found! size: 9 // center idx: 3025417 // pal: 529999925
palindrome found! size: 9 // center idx: 3045011 // pal: 993888399
palindrome found! size: 9 // center idx: 3063212 // pal: 357959753
palindrome found! size: 9 // center idx: 3080538 // pal: 100040001
palindrome found! size: 11 // center idx: 3089447 // pal: 35618981653
palindrome found! size: 9 // center idx: 3105650 // pal: 937999739
palindrome found! size: 9 // center idx: 3108178 // pal: 840080048
palindrome found! size: 9 // center idx: 3121364 // pal: 183141381
palindrome found! size: 9 // center idx: 3125426 // pal: 199353991
palindrome found! size: 9 // center idx: 3130679 // pal: 331898133
palindrome found! size: 11 // center idx: 3152745 // pal: 10602420601
palindrome found! size: 9 // center idx: 3181053 // pal: 420090024
palindrome found! size: 9 // center idx: 3203655 // pal: 990949099
palindrome found! size: 9 // center idx: 3212473 // pal: 832232238
palindrome found! size: 9 // center idx: 3218435 // pal: 380606083
palindrome found! size: 9 // center idx: 3238670 // pal: 699919996
palindrome found! size: 9 // center idx: 3247832 // pal: 285757582
palindrome found! size: 9 // center idx: 3247878 // pal: 974909479
palindrome found! size: 11 // center idx: 3250625 // pal: 14528082541
palindrome found! size: 9 // center idx: 3260092 // pal: 951222159
palindrome found! size: 9 // center idx: 3264450 // pal: 088444880
palindrome found! size: 9 // center idx: 3267126 // pal: 132141231
palindrome found! size: 11 // center idx: 3272723 // pal: 59194349195
palindrome found! size: 9 // center idx: 3297438 // pal: 045696540
palindrome found! size: 9 // center idx: 3322528 // pal: 805353508
palindrome found! size: 9 // center idx: 3330512 // pal: 730060037
palindrome found! size: 9 // center idx: 3332124 // pal: 416939614
palindrome found! size: 9 // center idx: 3338454 // pal: 935959539
palindrome found! size: 9 // center idx: 3348023 // pal: 830777038
palindrome found! size: 9 // center idx: 3357988 // pal: 776757677
palindrome found! size: 9 // center idx: 3362896 // pal: 290636092
palindrome found! size: 9 // center idx: 3363583 // pal: 263939362
palindrome found! size: 9 // center idx: 3364547 // pal: 141626141
palindrome found! size: 13 // center idx: 3380579 // pal: 8451197911548
palindrome found! size: 11 // center idx: 3415350 // pal: 28779797782
palindrome found! size: 9 // center idx: 3418959 // pal: 083717380
palindrome found! size: 9 // center idx: 3425498 // pal: 833595338
palindrome found! size: 9 // center idx: 3426140 // pal: 375676573
palindrome found! size: 9 // center idx: 3428414 // pal: 074828470
palindrome found! size: 9 // center idx: 3440109 // pal: 360868063
palindrome found! size: 11 // center idx: 3454963 // pal: 22660806622
palindrome found! size: 9 // center idx: 3472014 // pal: 915545519
palindrome found! size: 9 // center idx: 3488410 // pal: 338777833
palindrome found! size: 9 // center idx: 3489427 // pal: 768151867
palindrome found! size: 9 // center idx: 3500424 // pal: 426535624
palindrome found! size: 9 // center idx: 3517761 // pal: 706353607
palindrome found! size: 11 // center idx: 3522125 // pal: 21713231712
palindrome found! size: 9 // center idx: 3544642 // pal: 111626111
palindrome found! size: 11 // center idx: 3544995 // pal: 22746164722
palindrome found! size: 9 // center idx: 3547085 // pal: 244595442
palindrome found! size: 9 // center idx: 3557745 // pal: 993383399
palindrome found! size: 9 // center idx: 3574020 // pal: 003050300
palindrome found! size: 9 // center idx: 3649971 // pal: 625616526
palindrome found! size: 9 // center idx: 3653191 // pal: 882030288
palindrome found! size: 9 // center idx: 3659907 // pal: 030393030
palindrome found! size: 9 // center idx: 3670646 // pal: 258535852
palindrome found! size: 9 // center idx: 3672770 // pal: 795343597
palindrome found! size: 9 // center idx: 3675054 // pal: 374353473
palindrome found! size: 9 // center idx: 3680268 // pal: 340525043
palindrome found! size: 9 // center idx: 3702046 // pal: 835414538
palindrome found! size: 9 // center idx: 3707132 // pal: 599858995
palindrome found! size: 9 // center idx: 3713066 // pal: 627252726
palindrome found! size: 9 // center idx: 3720691 // pal: 486080684
palindrome found! size: 9 // center idx: 3725448 // pal: 514000415
palindrome found! size: 9 // center idx: 3738583 // pal: 676111676
palindrome found! size: 11 // center idx: 3746233 // pal: 93412021439
palindrome found! size: 9 // center idx: 3748574 // pal: 124686421
palindrome found! size: 11 // center idx: 3752743 // pal: 69386768396
palindrome found! size: 9 // center idx: 3780653 // pal: 061959160
palindrome found! size: 9 // center idx: 3788521 // pal: 906070609
palindrome found! size: 9 // center idx: 3828976 // pal: 824323428
palindrome found! size: 9 // center idx: 3831561 // pal: 628777826
palindrome found! size: 9 // center idx: 3847821 // pal: 090767090
palindrome found! size: 9 // center idx: 3857963 // pal: 896929698
palindrome found! size: 9 // center idx: 3869805 // pal: 423494324
palindrome found! size: 9 // center idx: 3876918 // pal: 164747461
palindrome found! size: 11 // center idx: 3884132 // pal: 63810701836
palindrome found! size: 9 // center idx: 3892179 // pal: 930343039
palindrome found! size: 9 // center idx: 3905349 // pal: 800626008
palindrome found! size: 9 // center idx: 3907295 // pal: 415080514
palindrome found! size: 9 // center idx: 3907613 // pal: 696161696
palindrome found! size: 9 // center idx: 3911709 // pal: 092121290
palindrome found! size: 9 // center idx: 3915833 // pal: 454666454
palindrome found! size: 13 // center idx: 3916597 // pal: 9859111119589
palindrome found! size: 9 // center idx: 3922460 // pal: 961151169
palindrome found! size: 9 // center idx: 3932347 // pal: 360616063
palindrome found! size: 9 // center idx: 3935333 // pal: 278989872
palindrome found! size: 11 // center idx: 3951353 // pal: 22117771122
palindrome found! size: 9 // center idx: 3952425 // pal: 834323438
palindrome found! size: 9 // center idx: 3974823 // pal: 205757502
palindrome found! size: 9 // center idx: 3977763 // pal: 365929563
palindrome found! size: 9 // center idx: 3978212 // pal: 772121277
palindrome found! size: 9 // center idx: 3985174 // pal: 810676018
palindrome found! size: 9 // center idx: 3993323 // pal: 622636226
palindrome found! size: 9 // center idx: 3998421 // pal: 833393338
palindrome found! size: 9 // center idx: 4008511 // pal: 710686017
palindrome found! size: 9 // center idx: 4011068 // pal: 791121197
palindrome found! size: 11 // center idx: 4012991 // pal: 73083038037
palindrome found! size: 9 // center idx: 4016600 // pal: 358040853
palindrome found! size: 9 // center idx: 4034645 // pal: 033282330
palindrome found! size: 9 // center idx: 4051736 // pal: 203444302
palindrome found! size: 9 // center idx: 4059789 // pal: 001828100
palindrome found! size: 9 // center idx: 4063554 // pal: 044919440
palindrome found! size: 9 // center idx: 4064783 // pal: 470272074
palindrome found! size: 9 // center idx: 4079549 // pal: 782949287
palindrome found! size: 11 // center idx: 4085921 // pal: 04297679240
palindrome found! size: 9 // center idx: 4092135 // pal: 954727459
palindrome found! size: 9 // center idx: 4111801 // pal: 795161597
palindrome found! size: 11 // center idx: 4133988 // pal: 24860906842
palindrome found! size: 9 // center idx: 4134242 // pal: 444646444
palindrome found! size: 9 // center idx: 4138584 // pal: 997888799
palindrome found! size: 9 // center idx: 4167067 // pal: 599131995
palindrome found! size: 9 // center idx: 4179009 // pal: 697000796
palindrome found! size: 11 // center idx: 4185868 // pal: 69330603396
palindrome found! size: 9 // center idx: 4204432 // pal: 943646349
palindrome found! size: 9 // center idx: 4212801 // pal: 121707121
palindrome found! size: 9 // center idx: 4244095 // pal: 585505585
palindrome found! size: 9 // center idx: 4265711 // pal: 315434513
palindrome found! size: 13 // center idx: 4274708 // pal: 7168460648617
palindrome found! size: 9 // center idx: 4284957 // pal: 757010757
palindrome found! size: 9 // center idx: 4302335 // pal: 619292916
palindrome found! size: 9 // center idx: 4306033 // pal: 829696928
palindrome found! size: 9 // center idx: 4319656 // pal: 348838843
palindrome found! size: 9 // center idx: 4320662 // pal: 897929798
palindrome found! size: 9 // center idx: 4328339 // pal: 858131858
palindrome found! size: 9 // center idx: 4404731 // pal: 825101528
palindrome found! size: 9 // center idx: 4428764 // pal: 497414794
palindrome found! size: 9 // center idx: 4428894 // pal: 755606557
palindrome found! size: 11 // center idx: 4432934 // pal: 43506060534
palindrome found! size: 9 // center idx: 4433613 // pal: 695404596
palindrome found! size: 9 // center idx: 4434446 // pal: 732303237
palindrome found! size: 9 // center idx: 4462929 // pal: 986858689
palindrome found! size: 9 // center idx: 4473376 // pal: 957737759
palindrome found! size: 9 // center idx: 4479012 // pal: 686525686
palindrome found! size: 9 // center idx: 4480197 // pal: 046484640
palindrome found! size: 9 // center idx: 4484276 // pal: 704272407
palindrome found! size: 9 // center idx: 4500304 // pal: 373656373
palindrome found! size: 9 // center idx: 4511398 // pal: 592000295
palindrome found! size: 9 // center idx: 4513694 // pal: 660646066
palindrome found! size: 9 // center idx: 4524094 // pal: 916464619
palindrome found! size: 9 // center idx: 4532187 // pal: 569787965
palindrome found! size: 9 // center idx: 4535269 // pal: 338464833
palindrome found! size: 9 // center idx: 4553117 // pal: 608686806
palindrome found! size: 11 // center idx: 4554826 // pal: 23848684832
palindrome found! size: 9 // center idx: 4558643 // pal: 567818765
palindrome found! size: 11 // center idx: 4573955 // pal: 84041114048
palindrome found! size: 9 // center idx: 4584862 // pal: 212979212
palindrome found! size: 9 // center idx: 4591374 // pal: 278727872
palindrome found! size: 9 // center idx: 4596401 // pal: 213060312
palindrome found! size: 9 // center idx: 4602584 // pal: 498505894
palindrome found! size: 11 // center idx: 4626449 // pal: 22424042422
palindrome found! size: 9 // center idx: 4631628 // pal: 418131814
palindrome found! size: 9 // center idx: 4632586 // pal: 999333999
palindrome found! size: 9 // center idx: 4653677 // pal: 587878785
palindrome found! size: 9 // center idx: 4655120 // pal: 252636252
palindrome found! size: 9 // center idx: 4675675 // pal: 499616994
palindrome found! size: 9 // center idx: 4679026 // pal: 510212015
palindrome found! size: 9 // center idx: 4743393 // pal: 326989623
palindrome found! size: 9 // center idx: 4770918 // pal: 575545575
palindrome found! size: 9 // center idx: 4777267 // pal: 341454143
palindrome found! size: 9 // center idx: 4782662 // pal: 502666205
palindrome found! size: 9 // center idx: 4802066 // pal: 120898021
palindrome found! size: 9 // center idx: 4805245 // pal: 132242231
palindrome found! size: 9 // center idx: 4805819 // pal: 743555347
palindrome found! size: 9 // center idx: 4808316 // pal: 039181930
palindrome found! size: 9 // center idx: 4810685 // pal: 970212079
palindrome found! size: 9 // center idx: 4813370 // pal: 625595526
palindrome found! size: 9 // center idx: 4815333 // pal: 811545118
palindrome found! size: 9 // center idx: 4815745 // pal: 488232884
palindrome found! size: 9 // center idx: 4817631 // pal: 263565362
palindrome found! size: 9 // center idx: 4824568 // pal: 018333810
palindrome found! size: 9 // center idx: 4828052 // pal: 733898337
palindrome found! size: 9 // center idx: 4834593 // pal: 105292501
palindrome found! size: 9 // center idx: 4834735 // pal: 208343802
palindrome found! size: 9 // center idx: 4864921 // pal: 008606800
palindrome found! size: 9 // center idx: 4870346 // pal: 238696832
palindrome found! size: 9 // center idx: 4874921 // pal: 413848314
palindrome found! size: 11 // center idx: 4888114 // pal: 10867576801
palindrome found! size: 9 // center idx: 4900632 // pal: 324929423
palindrome found! size: 9 // center idx: 4906009 // pal: 653010356
palindrome found! size: 9 // center idx: 4910865 // pal: 253383352
palindrome found! size: 9 // center idx: 4917878 // pal: 665999566
palindrome found! size: 9 // center idx: 4921590 // pal: 398373893
palindrome found! size: 9 // center idx: 4940091 // pal: 679010976
palindrome found! size: 9 // center idx: 4946262 // pal: 156404651
palindrome found! size: 11 // center idx: 4948395 // pal: 45850105854
palindrome found! size: 9 // center idx: 4958976 // pal: 423232324
palindrome found! size: 9 // center idx: 4973083 // pal: 617282716
palindrome found! size: 9 // center idx: 4987553 // pal: 623191326
palindrome found! size: 9 // center idx: 4991911 // pal: 693777396
palindrome found! size: 9 // center idx: 5019607 // pal: 348333843
palindrome found! size: 9 // center idx: 5021393 // pal: 145919541
palindrome found! size: 9 // center idx: 5025008 // pal: 963010369
palindrome found! size: 9 // center idx: 5026549 // pal: 717121717
palindrome found! size: 9 // center idx: 5032025 // pal: 234969432
palindrome found! size: 9 // center idx: 5043478 // pal: 075252570
palindrome found! size: 9 // center idx: 5046758 // pal: 517949715
palindrome found! size: 9 // center idx: 5047718 // pal: 122505221
palindrome found! size: 9 // center idx: 5056641 // pal: 885434588
palindrome found! size: 11 // center idx: 5066963 // pal: 15945354951
palindrome found! size: 9 // center idx: 5082519 // pal: 493565394
palindrome found! size: 9 // center idx: 5086961 // pal: 416282614
palindrome found! size: 9 // center idx: 5087085 // pal: 437434734
palindrome found! size: 9 // center idx: 5091624 // pal: 606828606
palindrome found! size: 9 // center idx: 5103320 // pal: 864111468
palindrome found! size: 11 // center idx: 5129399 // pal: 57125352175
palindrome found! size: 11 // center idx: 5154260 // pal: 17306160371
palindrome found! size: 9 // center idx: 5156444 // pal: 039232930
palindrome found! size: 9 // center idx: 5166623 // pal: 141111141
palindrome found! size: 9 // center idx: 5193882 // pal: 605252506
palindrome found! size: 9 // center idx: 5201175 // pal: 641494146
palindrome found! size: 9 // center idx: 5207089 // pal: 310888013
palindrome found! size: 9 // center idx: 5211106 // pal: 545181545
palindrome found! size: 9 // center idx: 5213131 // pal: 696242696
palindrome found! size: 9 // center idx: 5218089 // pal: 612313216
palindrome found! size: 9 // center idx: 5218381 // pal: 681606186
palindrome found! size: 9 // center idx: 5232823 // pal: 072242270
palindrome found! size: 9 // center idx: 5237176 // pal: 397131793
palindrome found! size: 9 // center idx: 5239887 // pal: 654282456
palindrome found! size: 9 // center idx: 5255210 // pal: 603090306
palindrome found! size: 9 // center idx: 5256752 // pal: 936585639
palindrome found! size: 9 // center idx: 5307623 // pal: 310919013
palindrome found! size: 9 // center idx: 5310282 // pal: 094848490
palindrome found! size: 9 // center idx: 5314518 // pal: 129050921
palindrome found! size: 9 // center idx: 5326279 // pal: 571737175
palindrome found! size: 9 // center idx: 5333207 // pal: 544808445
palindrome found! size: 9 // center idx: 5334315 // pal: 517272715
palindrome found! size: 9 // center idx: 5338371 // pal: 640202046
palindrome found! size: 9 // center idx: 5348876 // pal: 386323683
palindrome found! size: 9 // center idx: 5379607 // pal: 879353978
palindrome found! size: 9 // center idx: 5413764 // pal: 065444560
palindrome found! size: 9 // center idx: 5416970 // pal: 122454221
palindrome found! size: 9 // center idx: 5421468 // pal: 964696469
palindrome found! size: 11 // center idx: 5430314 // pal: 54862226845
palindrome found! size: 9 // center idx: 5449131 // pal: 260000062
palindrome found! size: 9 // center idx: 5457030 // pal: 763101367
palindrome found! size: 9 // center idx: 5460153 // pal: 342464243
palindrome found! size: 9 // center idx: 5488086 // pal: 084464480
palindrome found! size: 9 // center idx: 5490781 // pal: 833303338
palindrome found! size: 13 // center idx: 5502454 // pal: 0631935391360
palindrome found! size: 9 // center idx: 5504229 // pal: 428363824
palindrome found! size: 9 // center idx: 5545366 // pal: 810080018
palindrome found! size: 9 // center idx: 5553106 // pal: 689606986
palindrome found! size: 9 // center idx: 5553700 // pal: 721191127
palindrome found! size: 9 // center idx: 5557165 // pal: 735999537
palindrome found! size: 9 // center idx: 5607427 // pal: 469080964
palindrome found! size: 9 // center idx: 5611011 // pal: 110060011
palindrome found! size: 9 // center idx: 5638302 // pal: 008787800
palindrome found! size: 9 // center idx: 5638803 // pal: 091898190
palindrome found! size: 9 // center idx: 5656424 // pal: 553878355
palindrome found! size: 9 // center idx: 5678008 // pal: 174494471
palindrome found! size: 9 // center idx: 5679864 // pal: 291696192
palindrome found! size: 9 // center idx: 5682121 // pal: 269929962
palindrome found! size: 9 // center idx: 5708728 // pal: 715646517
palindrome found! size: 9 // center idx: 5744171 // pal: 765727567
palindrome found! size: 9 // center idx: 5752271 // pal: 919737919
palindrome found! size: 9 // center idx: 5753852 // pal: 279464972
palindrome found! size: 11 // center idx: 5761292 // pal: 77605650677
palindrome found! size: 11 // center idx: 5763067 // pal: 53189698135
palindrome found! size: 9 // center idx: 5765571 // pal: 706848607
palindrome found! size: 13 // center idx: 5772809 // pal: 4891323231984
palindrome found! size: 9 // center idx: 5777248 // pal: 613313316
palindrome found! size: 11 // center idx: 5779029 // pal: 34537373543
palindrome found! size: 9 // center idx: 5782639 // pal: 058191850
palindrome found! size: 9 // center idx: 5790389 // pal: 163343361
palindrome found! size: 9 // center idx: 5790624 // pal: 607030706
palindrome found! size: 9 // center idx: 5793633 // pal: 033343330
palindrome found! size: 9 // center idx: 5802931 // pal: 939282939
palindrome found! size: 11 // center idx: 5817196 // pal: 92835653829
palindrome found! size: 9 // center idx: 5849795 // pal: 891535198
palindrome found! size: 9 // center idx: 5861678 // pal: 273161372
palindrome found! size: 11 // center idx: 5892086 // pal: 08562526580
palindrome found! size: 9 // center idx: 5906124 // pal: 185616581
palindrome found! size: 9 // center idx: 5911032 // pal: 468010864
palindrome found! size: 9 // center idx: 5933497 // pal: 104424401
palindrome found! size: 9 // center idx: 5973031 // pal: 818303818
palindrome found! size: 9 // center idx: 5983419 // pal: 745878547
palindrome found! size: 9 // center idx: 5994041 // pal: 503525305
palindrome found! size: 9 // center idx: 6007047 // pal: 743434347
palindrome found! size: 9 // center idx: 6013781 // pal: 891626198
palindrome found! size: 9 // center idx: 6026965 // pal: 573313375
palindrome found! size: 9 // center idx: 6035035 // pal: 487535784
palindrome found! size: 9 // center idx: 6042634 // pal: 642949246
palindrome found! size: 9 // center idx: 6046916 // pal: 529181925
palindrome found! size: 11 // center idx: 6054261 // pal: 36869996863
palindrome found! size: 9 // center idx: 6063849 // pal: 558131855
palindrome found! size: 9 // center idx: 6065827 // pal: 293525392
palindrome found! size: 9 // center idx: 6073099 // pal: 241505142
palindrome found! size: 11 // center idx: 6075051 // pal: 61694649616
palindrome found! size: 9 // center idx: 6076559 // pal: 589848985
palindrome found! size: 9 // center idx: 6076779 // pal: 688121886
palindrome found! size: 9 // center idx: 6087911 // pal: 798757897
palindrome found! size: 9 // center idx: 6089843 // pal: 734181437
palindrome found! size: 9 // center idx: 6090201 // pal: 237050732
palindrome found! size: 9 // center idx: 6092202 // pal: 568717865
palindrome found! size: 9 // center idx: 6098512 // pal: 510929015
palindrome found! size: 9 // center idx: 6099366 // pal: 974323479
palindrome found! size: 9 // center idx: 6102038 // pal: 623848326
palindrome found! size: 9 // center idx: 6128164 // pal: 436333634
palindrome found! size: 9 // center idx: 6138045 // pal: 741989147
palindrome found! size: 9 // center idx: 6148556 // pal: 103777301
palindrome found! size: 9 // center idx: 6153544 // pal: 289747982
palindrome found! size: 9 // center idx: 6157707 // pal: 329414923
palindrome found! size: 9 // center idx: 6182123 // pal: 967222769
palindrome found! size: 9 // center idx: 6197202 // pal: 588080885
palindrome found! size: 9 // center idx: 6199215 // pal: 231878132
palindrome found! size: 9 // center idx: 6210867 // pal: 241272142
palindrome found! size: 9 // center idx: 6240726 // pal: 388696883
palindrome found! size: 9 // center idx: 6255944 // pal: 707060707
palindrome found! size: 11 // center idx: 6264399 // pal: 36956265963
palindrome found! size: 9 // center idx: 6265859 // pal: 459656954
palindrome found! size: 9 // center idx: 6296018 // pal: 063949360
palindrome found! size: 9 // center idx: 6300026 // pal: 632121236
palindrome found! size: 9 // center idx: 6302349 // pal: 941161149
palindrome found! size: 9 // center idx: 6318051 // pal: 039959930
palindrome found! size: 9 // center idx: 6318925 // pal: 449191944
palindrome found! size: 9 // center idx: 6326238 // pal: 775131577
palindrome found! size: 9 // center idx: 6335579 // pal: 357828753
palindrome found! size: 9 // center idx: 6362402 // pal: 822282228
palindrome found! size: 9 // center idx: 6367964 // pal: 795969597
palindrome found! size: 9 // center idx: 6382194 // pal: 177232771
palindrome found! size: 9 // center idx: 6403945 // pal: 812414218
palindrome found! size: 9 // center idx: 6438480 // pal: 816404618
palindrome found! size: 9 // center idx: 6460223 // pal: 224888422
palindrome found! size: 9 // center idx: 6486087 // pal: 382383283
palindrome found! size: 9 // center idx: 6493825 // pal: 442858244
palindrome found! size: 9 // center idx: 6501441 // pal: 433323334
palindrome found! size: 9 // center idx: 6503616 // pal: 951525159
palindrome found! size: 9 // center idx: 6511164 // pal: 101919101
palindrome found! size: 9 // center idx: 6541159 // pal: 978797879
palindrome found! size: 11 // center idx: 6549612 // pal: 35081218053
palindrome found! size: 9 // center idx: 6559605 // pal: 488606884
palindrome found! size: 9 // center idx: 6559849 // pal: 333838333
palindrome found! size: 11 // center idx: 6566488 // pal: 60809190806
palindrome found! size: 9 // center idx: 6574177 // pal: 585868585
palindrome found! size: 9 // center idx: 6593726 // pal: 231444132
palindrome found! size: 9 // center idx: 6594458 // pal: 954919459
palindrome found! size: 9 // center idx: 6596363 // pal: 624606426
palindrome found! size: 9 // center idx: 6604649 // pal: 626646626
palindrome found! size: 11 // center idx: 6609339 // pal: 02813431820
palindrome found! size: 9 // center idx: 6621792 // pal: 902818209
palindrome found! size: 9 // center idx: 6635859 // pal: 657747756
palindrome found! size: 9 // center idx: 6640174 // pal: 368616863
palindrome found! size: 9 // center idx: 6662012 // pal: 246292642
palindrome found! size: 9 // center idx: 6667355 // pal: 961171169
palindrome found! size: 9 // center idx: 6668338 // pal: 270797072
palindrome found! size: 11 // center idx: 6671759 // pal: 99584348599
palindrome found! size: 9 // center idx: 6682164 // pal: 500646005
palindrome found! size: 9 // center idx: 6707588 // pal: 218030812
palindrome found! size: 9 // center idx: 6713728 // pal: 969040969
palindrome found! size: 9 // center idx: 6721255 // pal: 525949525
palindrome found! size: 9 // center idx: 6722543 // pal: 621797126
palindrome found! size: 9 // center idx: 6730884 // pal: 502858205
palindrome found! size: 9 // center idx: 6746892 // pal: 148393841
palindrome found! size: 9 // center idx: 6759715 // pal: 882818288
palindrome found! size: 9 // center idx: 6784693 // pal: 902070209
palindrome found! size: 9 // center idx: 6791284 // pal: 816838618
palindrome found! size: 11 // center idx: 6804808 // pal: 48828782884
palindrome found! size: 9 // center idx: 6811331 // pal: 206171602
palindrome found! size: 11 // center idx: 6830744 // pal: 67101810176
palindrome found! size: 9 // center idx: 6844843 // pal: 649868946
palindrome found! size: 9 // center idx: 6850458 // pal: 207585702
palindrome found! size: 9 // center idx: 6854495 // pal: 622999226
palindrome found! size: 9 // center idx: 6855397 // pal: 478101874
palindrome found! size: 9 // center idx: 6857678 // pal: 682555286
palindrome found! size: 9 // center idx: 6867789 // pal: 391747193
palindrome found! size: 9 // center idx: 6874223 // pal: 329828923
palindrome found! size: 9 // center idx: 6880963 // pal: 959141959
palindrome found! size: 9 // center idx: 6907186 // pal: 362969263
palindrome found! size: 9 // center idx: 6909502 // pal: 314212413
palindrome found! size: 9 // center idx: 6913817 // pal: 990858099
palindrome found! size: 9 // center idx: 6915518 // pal: 013323310
palindrome found! size: 9 // center idx: 6919757 // pal: 767797767
palindrome found! size: 9 // center idx: 6920011 // pal: 937606739
palindrome found! size: 9 // center idx: 6925218 // pal: 610828016
palindrome found! size: 11 // center idx: 6936085 // pal: 27443234472
palindrome found! size: 9 // center idx: 6943922 // pal: 303232303
palindrome found! size: 9 // center idx: 6950942 // pal: 746939647
palindrome found! size: 9 // center idx: 6954182 // pal: 137969731
palindrome found! size: 9 // center idx: 6964677 // pal: 197989791
palindrome found! size: 9 // center idx: 6964764 // pal: 588191885
palindrome found! size: 11 // center idx: 6980455 // pal: 57154545175
palindrome found! size: 9 // center idx: 6980940 // pal: 696111696
palindrome found! size: 11 // center idx: 6995339 // pal: 69652525696
palindrome found! size: 9 // center idx: 7004791 // pal: 782242287
palindrome found! size: 9 // center idx: 7021606 // pal: 581050185
palindrome found! size: 11 // center idx: 7029122 // pal: 99072727099
palindrome found! size: 11 // center idx: 7038844 // pal: 56899699865
palindrome found! size: 9 // center idx: 7058312 // pal: 193717391
palindrome found! size: 9 // center idx: 7061318 // pal: 341282143
palindrome found! size: 9 // center idx: 7061985 // pal: 269989962
palindrome found! size: 9 // center idx: 7072873 // pal: 477262774
palindrome found! size: 9 // center idx: 7090026 // pal: 882595288
palindrome found! size: 9 // center idx: 7108234 // pal: 985050589
palindrome found! size: 9 // center idx: 7123892 // pal: 064181460
palindrome found! size: 9 // center idx: 7149450 // pal: 470777074
palindrome found! size: 11 // center idx: 7163880 // pal: 40653535604
palindrome found! size: 9 // center idx: 7164190 // pal: 369181963
palindrome found! size: 9 // center idx: 7167880 // pal: 822494228
palindrome found! size: 9 // center idx: 7180964 // pal: 312272213
palindrome found! size: 9 // center idx: 7181400 // pal: 559656955
palindrome found! size: 9 // center idx: 7194810 // pal: 952646259
palindrome found! size: 11 // center idx: 7207868 // pal: 19057175091
palindrome found! size: 9 // center idx: 7220970 // pal: 731181137
palindrome found! size: 9 // center idx: 7226312 // pal: 755141557
palindrome found! size: 9 // center idx: 7227991 // pal: 110535011
palindrome found! size: 9 // center idx: 7230772 // pal: 332646233
palindrome found! size: 9 // center idx: 7240084 // pal: 905797509
palindrome found! size: 9 // center idx: 7246416 // pal: 246474642
palindrome found! size: 9 // center idx: 7251213 // pal: 132525231
palindrome found! size: 9 // center idx: 7255618 // pal: 704989407
palindrome found! size: 9 // center idx: 7260900 // pal: 035121530
palindrome found! size: 9 // center idx: 7276700 // pal: 932424239
palindrome found! size: 9 // center idx: 7282333 // pal: 104393401
palindrome found! size: 9 // center idx: 7293106 // pal: 641303146
palindrome found! size: 9 // center idx: 7295863 // pal: 526060625
palindrome found! size: 11 // center idx: 7301454 // pal: 02265956220
palindrome found! size: 9 // center idx: 7301714 // pal: 169949961
palindrome found! size: 9 // center idx: 7312164 // pal: 220585022
palindrome found! size: 9 // center idx: 7315181 // pal: 033949330
palindrome found! size: 9 // center idx: 7326762 // pal: 274464472
palindrome found! size: 9 // center idx: 7334781 // pal: 699464996
palindrome found! size: 9 // center idx: 7336995 // pal: 387191783
palindrome found! size: 9 // center idx: 7340599 // pal: 605464506
palindrome found! size: 9 // center idx: 7347677 // pal: 214535412
palindrome found! size: 9 // center idx: 7350341 // pal: 561868165
palindrome found! size: 9 // center idx: 7357490 // pal: 570373075
palindrome found! size: 9 // center idx: 7365346 // pal: 770494077
palindrome found! size: 9 // center idx: 7375613 // pal: 371676173
palindrome found! size: 9 // center idx: 7376760 // pal: 394909493
palindrome found! size: 9 // center idx: 7378758 // pal: 508878805
palindrome found! size: 11 // center idx: 7385780 // pal: 54657975645
palindrome found! size: 9 // center idx: 7389412 // pal: 019818910
palindrome found! size: 11 // center idx: 7402295 // pal: 07916861970
palindrome found! size: 9 // center idx: 7406023 // pal: 994030499
palindrome found! size: 9 // center idx: 7415098 // pal: 338878833
palindrome found! size: 9 // center idx: 7418651 // pal: 438202834
palindrome found! size: 9 // center idx: 7426090 // pal: 343353343
palindrome found! size: 9 // center idx: 7428783 // pal: 112696211
palindrome found! size: 9 // center idx: 7439943 // pal: 104090401
palindrome found! size: 9 // center idx: 7443279 // pal: 864474468
palindrome found! size: 9 // center idx: 7444498 // pal: 688393886
palindrome found! size: 9 // center idx: 7449179 // pal: 823959328
palindrome found! size: 11 // center idx: 7463392 // pal: 36852625863
palindrome found! size: 9 // center idx: 7476163 // pal: 696333696
palindrome found! size: 9 // center idx: 7478678 // pal: 105272501
palindrome found! size: 9 // center idx: 7490412 // pal: 570525075
palindrome found! size: 9 // center idx: 7521663 // pal: 541505145
palindrome found! size: 9 // center idx: 7525742 // pal: 432252234
palindrome found! size: 11 // center idx: 7534727 // pal: 20638483602
palindrome found! size: 9 // center idx: 7547057 // pal: 750060057
palindrome found! size: 9 // center idx: 7553073 // pal: 022232220
palindrome found! size: 9 // center idx: 7556529 // pal: 485727584
palindrome found! size: 9 // center idx: 7566356 // pal: 113010311
palindrome found! size: 9 // center idx: 7570790 // pal: 255878552
palindrome found! size: 9 // center idx: 7583618 // pal: 879777978
palindrome found! size: 9 // center idx: 7583641 // pal: 472060274
palindrome found! size: 9 // center idx: 7589171 // pal: 567040765
palindrome found! size: 11 // center idx: 7597500 // pal: 50037373005
palindrome found! size: 9 // center idx: 7604422 // pal: 768484867
palindrome found! size: 9 // center idx: 7617105 // pal: 127848721
palindrome found! size: 9 // center idx: 7630794 // pal: 806151608
palindrome found! size: 9 // center idx: 7645546 // pal: 719737917
palindrome found! size: 9 // center idx: 7646826 // pal: 710171017
palindrome found! size: 9 // center idx: 7659934 // pal: 134282431
palindrome found! size: 9 // center idx: 7681792 // pal: 739595937
palindrome found! size: 9 // center idx: 7693313 // pal: 374131473
palindrome found! size: 9 // center idx: 7709965 // pal: 527000725
palindrome found! size: 9 // center idx: 7721676 // pal: 510060015
palindrome found! size: 9 // center idx: 7724502 // pal: 400797004
palindrome found! size: 9 // center idx: 7729764 // pal: 737898737
palindrome found! size: 9 // center idx: 7739086 // pal: 981535189
palindrome found! size: 9 // center idx: 7741657 // pal: 553292355
palindrome found! size: 9 // center idx: 7741972 // pal: 808606808
palindrome found! size: 9 // center idx: 7742777 // pal: 876555678
palindrome found! size: 9 // center idx: 7749793 // pal: 155494551
palindrome found! size: 9 // center idx: 7753812 // pal: 441858144
palindrome found! size: 11 // center idx: 7767500 // pal: 21349994312
palindrome found! size: 9 // center idx: 7771724 // pal: 322858223
palindrome found! size: 9 // center idx: 7774066 // pal: 807929708
palindrome found! size: 9 // center idx: 7785961 // pal: 063161360
palindrome found! size: 9 // center idx: 7786958 // pal: 068030860
palindrome found! size: 9 // center idx: 7787813 // pal: 210252012
palindrome found! size: 9 // center idx: 7800070 // pal: 768919867
palindrome found! size: 11 // center idx: 7815686 // pal: 84935153948
palindrome found! size: 9 // center idx: 7822766 // pal: 290878092
palindrome found! size: 9 // center idx: 7830955 // pal: 744535447
palindrome found! size: 9 // center idx: 7837008 // pal: 241797142
palindrome found! size: 9 // center idx: 7844196 // pal: 616929616
palindrome found! size: 9 // center idx: 7867174 // pal: 269242962
palindrome found! size: 11 // center idx: 7868574 // pal: 33693239633
palindrome found! size: 11 // center idx: 7872577 // pal: 71871117817
palindrome found! size: 9 // center idx: 7881032 // pal: 029535920
palindrome found! size: 9 // center idx: 7890453 // pal: 714828417
palindrome found! size: 9 // center idx: 7900756 // pal: 220080022
palindrome found! size: 9 // center idx: 7910602 // pal: 531757135
palindrome found! size: 9 // center idx: 7911591 // pal: 970676079
palindrome found! size: 9 // center idx: 7912324 // pal: 235939532
palindrome found! size: 9 // center idx: 7914290 // pal: 763656367
palindrome found! size: 9 // center idx: 7927820 // pal: 038707830
palindrome found! size: 9 // center idx: 7931966 // pal: 469919964
palindrome found! size: 9 // center idx: 7935354 // pal: 959686959
palindrome found! size: 9 // center idx: 7954195 // pal: 384626483
palindrome found! size: 9 // center idx: 7954647 // pal: 032454230
palindrome found! size: 9 // center idx: 7957367 // pal: 939232939
palindrome found! size: 9 // center idx: 7961934 // pal: 825262528
palindrome found! size: 9 // center idx: 7976872 // pal: 663414366
palindrome found! size: 9 // center idx: 8002254 // pal: 033717330
palindrome found! size: 9 // center idx: 8007031 // pal: 006161600
palindrome found! size: 11 // center idx: 8014130 // pal: 10300000301
palindrome found! size: 13 // center idx: 8015605 // pal: 8662369632668
palindrome found! size: 9 // center idx: 8019194 // pal: 958909859
palindrome found! size: 9 // center idx: 8051512 // pal: 677191776
palindrome found! size: 9 // center idx: 8081250 // pal: 245414542
palindrome found! size: 9 // center idx: 8089378 // pal: 738404837
palindrome found! size: 9 // center idx: 8095880 // pal: 055484550
palindrome found! size: 9 // center idx: 8105456 // pal: 186121681
palindrome found! size: 9 // center idx: 8110970 // pal: 294131492
palindrome found! size: 15 // center idx: 8113280 // pal: 630324464423036
palindrome found! size: 9 // center idx: 8114619 // pal: 899828998
palindrome found! size: 9 // center idx: 8143361 // pal: 350797053
palindrome found! size: 9 // center idx: 8154872 // pal: 148181841
palindrome found! size: 9 // center idx: 8163942 // pal: 500151005
palindrome found! size: 11 // center idx: 8168432 // pal: 12861316821
palindrome found! size: 9 // center idx: 8179476 // pal: 085848580
palindrome found! size: 11 // center idx: 8197548 // pal: 42307370324
palindrome found! size: 9 // center idx: 8202224 // pal: 161434161
palindrome found! size: 9 // center idx: 8225721 // pal: 496363694
palindrome found! size: 9 // center idx: 8227565 // pal: 857171758
palindrome found! size: 9 // center idx: 8229848 // pal: 942969249
palindrome found! size: 9 // center idx: 8243106 // pal: 736616637
palindrome found! size: 9 // center idx: 8263834 // pal: 876828678
palindrome found! size: 9 // center idx: 8264641 // pal: 959292959
palindrome found! size: 9 // center idx: 8268953 // pal: 416858614
palindrome found! size: 9 // center idx: 8297474 // pal: 351656153
palindrome found! size: 9 // center idx: 8302403 // pal: 304161403
palindrome found! size: 9 // center idx: 8317188 // pal: 626101626
palindrome found! size: 9 // center idx: 8341979 // pal: 569040965
palindrome found! size: 9 // center idx: 8346199 // pal: 690575096
palindrome found! size: 9 // center idx: 8362882 // pal: 834626438
palindrome found! size: 9 // center idx: 8368826 // pal: 331838133
palindrome found! size: 9 // center idx: 8370803 // pal: 174808471
palindrome found! size: 9 // center idx: 8394878 // pal: 651000156
palindrome found! size: 9 // center idx: 8415117 // pal: 135535531
palindrome found! size: 9 // center idx: 8434563 // pal: 334888433
palindrome found! size: 9 // center idx: 8458354 // pal: 320161023
palindrome found! size: 9 // center idx: 8460033 // pal: 637707736
palindrome found! size: 9 // center idx: 8462765 // pal: 860383068
palindrome found! size: 9 // center idx: 8478945 // pal: 608898806
palindrome found! size: 9 // center idx: 8490025 // pal: 291686192
palindrome found! size: 9 // center idx: 8491165 // pal: 104292401
palindrome found! size: 9 // center idx: 8509998 // pal: 599797995
palindrome found! size: 9 // center idx: 8524417 // pal: 894797498
palindrome found! size: 9 // center idx: 8536020 // pal: 442232244
palindrome found! size: 11 // center idx: 8539953 // pal: 13094649031
palindrome found! size: 9 // center idx: 8542715 // pal: 044909440
palindrome found! size: 9 // center idx: 8554212 // pal: 360818063
palindrome found! size: 9 // center idx: 8555282 // pal: 295545592
palindrome found! size: 9 // center idx: 8560334 // pal: 043404340
palindrome found! size: 9 // center idx: 8561232 // pal: 906535609
palindrome found! size: 9 // center idx: 8561804 // pal: 738424837
palindrome found! size: 9 // center idx: 8626706 // pal: 629555926
palindrome found! size: 9 // center idx: 8627794 // pal: 071282170
palindrome found! size: 9 // center idx: 8637904 // pal: 561373165
palindrome found! size: 9 // center idx: 8640397 // pal: 709818907
palindrome found! size: 9 // center idx: 8654863 // pal: 097434790
palindrome found! size: 9 // center idx: 8667643 // pal: 774333477
palindrome found! size: 9 // center idx: 8684894 // pal: 517626715
palindrome found! size: 9 // center idx: 8694523 // pal: 273494372
palindrome found! size: 9 // center idx: 8704936 // pal: 491777194
palindrome found! size: 9 // center idx: 8707710 // pal: 459707954
palindrome found! size: 11 // center idx: 8725546 // pal: 18754945781
palindrome found! size: 11 // center idx: 8734105 // pal: 78899799887
palindrome found! size: 9 // center idx: 8734266 // pal: 711646117
palindrome found! size: 9 // center idx: 8735907 // pal: 613060316
palindrome found! size: 9 // center idx: 8745086 // pal: 311282113
palindrome found! size: 9 // center idx: 8760858 // pal: 607888706
palindrome found! size: 9 // center idx: 8760915 // pal: 051343150
palindrome found! size: 9 // center idx: 8764384 // pal: 331676133
palindrome found! size: 9 // center idx: 8791619 // pal: 068010860
palindrome found! size: 9 // center idx: 8798633 // pal: 027212720
palindrome found! size: 9 // center idx: 8803830 // pal: 500242005
palindrome found! size: 9 // center idx: 8817661 // pal: 944686449
palindrome found! size: 9 // center idx: 8830993 // pal: 606343606
palindrome found! size: 9 // center idx: 8846647 // pal: 955929559
palindrome found! size: 9 // center idx: 8869035 // pal: 019515910
palindrome found! size: 11 // center idx: 8872111 // pal: 63003630036
palindrome found! size: 9 // center idx: 8876411 // pal: 591121195
palindrome found! size: 9 // center idx: 8885214 // pal: 941303149
palindrome found! size: 9 // center idx: 8914269 // pal: 759303957
palindrome found! size: 9 // center idx: 8926199 // pal: 476202674
palindrome found! size: 9 // center idx: 8930329 // pal: 314373413
palindrome found! size: 9 // center idx: 8970862 // pal: 400282004
palindrome found! size: 9 // center idx: 8979673 // pal: 871737178
palindrome found! size: 9 // center idx: 8980114 // pal: 652565256
palindrome found! size: 9 // center idx: 8982108 // pal: 060575060
palindrome found! size: 9 // center idx: 9001435 // pal: 515404515
palindrome found! size: 9 // center idx: 9002996 // pal: 180545081
palindrome found! size: 9 // center idx: 9015059 // pal: 904111409
palindrome found! size: 9 // center idx: 9022330 // pal: 425818524
palindrome found! size: 9 // center idx: 9023849 // pal: 323909323
palindrome found! size: 11 // center idx: 9046944 // pal: 47725652774
New searcher // idx: 0
aaaa
New searcher // idx: 99999950
aaaa
New searcher // idx: 0
aaaa
New searcher // idx: 0
aaaa
New searcher // idx: 99999950
aaaa
New searcher // idx: 199999900
aaaa
New searcher // idx: 299999850
aaaa
New searcher // idx: 399999800
aaaa
New searcher // idx: 499999750
aaaa
New searcher // idx: 599999700
aaaa
New searcher // idx: 699999650
aaaa
New searcher // idx: 799999600
aaaa
New searcher // idx: 899999550
aaaa
New searcher // idx: 999999500
aaaa
New searcher // idx: 1099999450
aaaa
New searcher // idx: 1199999400
aaaa
New searcher // idx: 1299999350
aaaa
New searcher // idx: 1399999300
aaaa
New searcher // idx: 0
New searcher // idx: 99999950
New searcher // idx: 199999900
New searcher // idx: 299999850
New searcher // idx: 399999800
New searcher // idx: 499999750
New searcher // idx: 599999700
New searcher // idx: 699999650
New searcher // idx: 799999600
New searcher // idx: 899999550
New searcher // idx: 999999500
New searcher // idx: 1099999450
New searcher // idx: 1199999400
New searcher // idx: 1299999350
New searcher // idx: 1399999300
New searcher // idx: 1499999250
New searcher // idx: 1599999200
New searcher // idx: 1699999150
New searcher // idx: 1799999100
New searcher // idx: 1899999050
New searcher // idx: 1999999000
New searcher // idx: 2099998950
New searcher // idx: 2199998900
New searcher // idx: 2299998850
New searcher // idx: 2399998800
New searcher // idx: 2499998750
New searcher // idx: 2599998700
New searcher // idx: 2699998650
New searcher // idx: 2799998600
New searcher // idx: 2899998550
New searcher // idx: 2999998500
New searcher // idx: 3099998450
New searcher // idx: 3199998400
New searcher // idx: 3299998350
New searcher // idx: 3399998300
New searcher // idx: 3499998250
New searcher // idx: 3599998200
New searcher // idx: 3699998150
New searcher // idx: 3799998100
New searcher // idx: 3899998050
New searcher // idx: 3999998000
New searcher // idx: 4099997950
New searcher // idx: 4199997900
New searcher // idx: 4299997850
New searcher // idx: 4399997800
New searcher // idx: 4499997750
New searcher // idx: 4599997700
New searcher // idx: 4699997650
New searcher // idx: 4799997600
