New searcher // idx: -27
New searcher // idx: 99999950
New searcher // idx: 199999900
end searcher // st idx: -27
New searcher // idx: 299999850
end searcher // st idx: 199999900
New searcher // idx: 399999800
end searcher // st idx: 99999950
New searcher // idx: 499999750
end searcher // st idx: 399999800
New searcher // idx: 599999700
end searcher // st idx: 299999850
New searcher // idx: 699999650
end searcher // st idx: 499999750
New searcher // idx: 799999600
end searcher // st idx: 599999700
New searcher // idx: 899999550
end searcher // st idx: 699999650
New searcher // idx: 999999500
end searcher // st idx: 799999600
New searcher // idx: 1099999450
end searcher // st idx: 899999550
New searcher // idx: 1199999400
end searcher // st idx: 999999500
New searcher // idx: 1299999350
end searcher // st idx: 1099999450
New searcher // idx: 1399999300
end searcher // st idx: 1199999400
New searcher // idx: 1499999250
end searcher // st idx: 1299999350
New searcher // idx: 1599999200
end searcher // st idx: 1399999300
New searcher // idx: 1699999150
end searcher // st idx: 1499999250
New searcher // idx: 1799999100
end searcher // st idx: 1599999200
New searcher // idx: 1899999050
end searcher // st idx: 1699999150
New searcher // idx: 1999999000
end searcher // st idx: 1799999100
New searcher // idx: 2099998950
end searcher // st idx: 1899999050
New searcher // idx: 2199998900
end searcher // st idx: 1999999000
New searcher // idx: 2299998850
end searcher // st idx: 2099998950
New searcher // idx: 2399998800
end searcher // st idx: 2199998900
New searcher // idx: 2499998750
end searcher // st idx: 2299998850
New searcher // idx: 2599998700
end searcher // st idx: 2399998800
New searcher // idx: 2699998650
end searcher // st idx: 2599998700
New searcher // idx: 2799998600
end searcher // st idx: 2499998750
New searcher // idx: 2899998550
end searcher // st idx: 2699998650
New searcher // idx: 2999998500
end searcher // st idx: 2799998600
New searcher // idx: 3099998450
end searcher // st idx: 2899998550
New searcher // idx: 3199998400
end searcher // st idx: 2999998500
New searcher // idx: 3299998350
end searcher // st idx: 3099998450
New searcher // idx: 3399998300
end searcher // st idx: 3199998400
New searcher // idx: 3499998250
end searcher // st idx: 3299998350
New searcher // idx: 3599998200
end searcher // st idx: 3399998300
New searcher // idx: 3699998150
end searcher // st idx: 3499998250
New searcher // idx: 3799998100
end searcher // st idx: 3599998200
New searcher // idx: 3899998050
end searcher // st idx: 3699998150
New searcher // idx: 3999998000
end searcher // st idx: 3799998100
New searcher // idx: 4099997950
end searcher // st idx: 3899998050
New searcher // idx: 4199997900
end searcher // st idx: 3999998000
New searcher // idx: 4299997850
end searcher // st idx: 4099997950
New searcher // idx: 4399997800
end searcher // st idx: 4199997900
New searcher // idx: 4499997750
end searcher // st idx: 4299997850
New searcher // idx: 4599997700
end searcher // st idx: 4399997800
New searcher // idx: 4699997650
end searcher // st idx: 4499997750
New searcher // idx: 4799997600
end searcher // st idx: 4599997700
New searcher // idx: 4899997550
end searcher // st idx: 4699997650
New searcher // idx: 4999997500
end searcher // st idx: 4799997600
New searcher // idx: 5099997450
end searcher // st idx: 4899997550
New searcher // idx: 5199997400
end searcher // st idx: 4999997500
New searcher // idx: 5299997350
end searcher // st idx: 5099997450
New searcher // idx: 5399997300
end searcher // st idx: 5199997400
New searcher // idx: 5499997250
end searcher // st idx: 5299997350
New searcher // idx: 5599997200
end searcher // st idx: 5399997300
New searcher // idx: 5699997150
end searcher // st idx: 5499997250
New searcher // idx: 5799997100
end searcher // st idx: 5599997200
New searcher // idx: 5899997050
end searcher // st idx: 5699997150
New searcher // idx: 5999997000
end searcher // st idx: 5799997100
New searcher // idx: 6099996950
end searcher // st idx: 5899997050
New searcher // idx: 6199996900
end searcher // st idx: 5999997000
New searcher // idx: 6299996850
end searcher // st idx: 6099996950
New searcher // idx: 6399996800
end searcher // st idx: 6199996900
New searcher // idx: 6499996750
end searcher // st idx: 6299996850
New searcher // idx: 6599996700
end searcher // st idx: 6399996800
New searcher // idx: 6699996650
end searcher // st idx: 6499996750
New searcher // idx: 6799996600
end searcher // st idx: 6599996700
New searcher // idx: 6899996550
end searcher // st idx: 6699996650
New searcher // idx: 6999996500
end searcher // st idx: 6799996600
New searcher // idx: 7099996450
end searcher // st idx: 6899996550
New searcher // idx: 7199996400
end searcher // st idx: 6999996500
New searcher // idx: 7299996350
end searcher // st idx: 7099996450
New searcher // idx: 7399996300
end searcher // st idx: 7199996400
New searcher // idx: 7499996250
end searcher // st idx: 7299996350
New searcher // idx: 7599996200
end searcher // st idx: 7399996300
New searcher // idx: 7699996150
end searcher // st idx: 7499996250
New searcher // idx: 7799996100
end searcher // st idx: 7599996200
New searcher // idx: 7899996050
end searcher // st idx: 7699996150
New searcher // idx: 7999996000
end searcher // st idx: 7799996100
New searcher // idx: 8099995950
end searcher // st idx: 7899996050
New searcher // idx: 8199995900
end searcher // st idx: 7999996000
New searcher // idx: 8299995850
palindrome found! size: 21 // center idx: 8235962477 // pal: 531554328363823455135
end searcher // st idx: 8099995950
New searcher // idx: 8399995800
end searcher // st idx: 8199995900
New searcher // idx: 8499995750
end searcher // st idx: 8299995850
New searcher // idx: 8599995700
end searcher // st idx: 8399995800
New searcher // idx: 8699995650
end searcher // st idx: 8499995750
New searcher // idx: 8799995600
end searcher // st idx: 8599995700
New searcher // idx: 8899995550
end searcher // st idx: 8699995650
New searcher // idx: 8999995500
end searcher // st idx: 8799995600
New searcher // idx: 9099995450
end searcher // st idx: 8899995550
New searcher // idx: 9199995400
end searcher // st idx: 8999995500
New searcher // idx: 9299995350
end searcher // st idx: 9099995450
New searcher // idx: 9399995300
end searcher // st idx: 9199995400
New searcher // idx: 9499995250
end searcher // st idx: 9299995350
New searcher // idx: 9599995200
end searcher // st idx: 9399995300
New searcher // idx: 9699995150
end searcher // st idx: 9499995250
New searcher // idx: 9799995100
end searcher // st idx: 9599995200
New searcher // idx: 9899995050
end searcher // st idx: 9699995150
New searcher // idx: 9999995000
end searcher // st idx: 9799995100
New searcher // idx: 10099994950
end searcher // st idx: 9899995050
New searcher // idx: 10199994900
end searcher // st idx: 9999995000
New searcher // idx: 10299994850
end searcher // st idx: 10099994950
New searcher // idx: 10399994800
end searcher // st idx: 10199994900
New searcher // idx: 10499994750
end searcher // st idx: 10299994850
New searcher // idx: 10599994700
end searcher // st idx: 10399994800
New searcher // idx: 10699994650
end searcher // st idx: 10499994750
New searcher // idx: 10799994600
end searcher // st idx: 10599994700
New searcher // idx: 10899994550
end searcher // st idx: 10699994650
New searcher // idx: 10999994500
end searcher // st idx: 10799994600
New searcher // idx: 11099994450
end searcher // st idx: 10899994550
New searcher // idx: 11199994400
end searcher // st idx: 10999994500
New searcher // idx: 11299994350
end searcher // st idx: 11099994450
New searcher // idx: 11399994300
end searcher // st idx: 11199994400
New searcher // idx: 11499994250
end searcher // st idx: 11299994350
New searcher // idx: 11599994200
end searcher // st idx: 11399994300
New searcher // idx: 11699994150
end searcher // st idx: 11499994250
New searcher // idx: 11799994100
end searcher // st idx: 11599994200
New searcher // idx: 11899994050
end searcher // st idx: 11699994150
New searcher // idx: 11999994000
end searcher // st idx: 11799994100
New searcher // idx: 12099993950
end searcher // st idx: 11899994050
New searcher // idx: 12199993900
end searcher // st idx: 11999994000
New searcher // idx: 12299993850
end searcher // st idx: 12099993950
New searcher // idx: 12399993800
end searcher // st idx: 12199993900
New searcher // idx: 12499993750
end searcher // st idx: 12299993850
New searcher // idx: 12599993700
end searcher // st idx: 12399993800
New searcher // idx: 12699993650
end searcher // st idx: 12499993750
New searcher // idx: 12799993600
end searcher // st idx: 12599993700
New searcher // idx: 12899993550
end searcher // st idx: 12699993650
New searcher // idx: 12999993500
end searcher // st idx: 12799993600
New searcher // idx: 13099993450
end searcher // st idx: 12899993550
New searcher // idx: 13199993400
end searcher // st idx: 12999993500
New searcher // idx: 13299993350
end searcher // st idx: 13099993450
New searcher // idx: 13399993300
end searcher // st idx: 13199993400
New searcher // idx: 13499993250
end searcher // st idx: 13299993350
New searcher // idx: 13599993200
end searcher // st idx: 13399993300
New searcher // idx: 13699993150
end searcher // st idx: 13499993250
New searcher // idx: 13799993100
palindrome found! size: 21 // center idx: 13781112153 // pal: 856771646767646177658
end searcher // st idx: 13599993200
New searcher // idx: 13899993050
end searcher // st idx: 13699993150
New searcher // idx: 13999993000
end searcher // st idx: 13799993100
New searcher // idx: 14099992950
end searcher // st idx: 13899993050
New searcher // idx: 14199992900
end searcher // st idx: 13999993000
New searcher // idx: 14299992850
end searcher // st idx: 14099992950
New searcher // idx: 14399992800
end searcher // st idx: 14199992900
New searcher // idx: 14499992750
end searcher // st idx: 14299992850
New searcher // idx: 14599992700
end searcher // st idx: 14399992800
New searcher // idx: 14699992650
end searcher // st idx: 14499992750
New searcher // idx: 14799992600
end searcher // st idx: 14599992700
New searcher // idx: 14899992550
end searcher // st idx: 14699992650
New searcher // idx: 14999992500
end searcher // st idx: 14799992600
New searcher // idx: 15099992450
end searcher // st idx: 14899992550
New searcher // idx: 15199992400
end searcher // st idx: 14999992500
New searcher // idx: 15299992350
end searcher // st idx: 15099992450
New searcher // idx: 15399992300
end searcher // st idx: 15199992400
New searcher // idx: 15499992250
end searcher // st idx: 15299992350
New searcher // idx: 15599992200
end searcher // st idx: 15399992300
New searcher // idx: 15699992150
end searcher // st idx: 15499992250
New searcher // idx: 15799992100
end searcher // st idx: 15599992200
New searcher // idx: 15899992050
end searcher // st idx: 15699992150
New searcher // idx: 15999992000
end searcher // st idx: 15799992100
New searcher // idx: 16099991950
end searcher // st idx: 15899992050
New searcher // idx: 16199991900
end searcher // st idx: 15999992000
New searcher // idx: 16299991850
end searcher // st idx: 16099991950
New searcher // idx: 16399991800
end searcher // st idx: 16199991900
New searcher // idx: 16499991750
end searcher // st idx: 16299991850
New searcher // idx: 16599991700
end searcher // st idx: 16399991800
New searcher // idx: 16699991650
end searcher // st idx: 16499991750
New searcher // idx: 16799991600
end searcher // st idx: 16599991700
New searcher // idx: 16899991550
end searcher // st idx: 16699991650
New searcher // idx: 16999991500
end searcher // st idx: 16799991600
New searcher // idx: 17099991450
end searcher // st idx: 16899991550
New searcher // idx: 17199991400
end searcher // st idx: 16999991500
New searcher // idx: 17299991350
end searcher // st idx: 17099991450
New searcher // idx: 17399991300
end searcher // st idx: 17199991400
New searcher // idx: 17499991250
end searcher // st idx: 17299991350
New searcher // idx: 17599991200
end searcher // st idx: 17399991300
New searcher // idx: 17699991150
end searcher // st idx: 17499991250
New searcher // idx: 17799991100
end searcher // st idx: 17599991200
New searcher // idx: 17899991050
end searcher // st idx: 17699991150
New searcher // idx: 17999991000
end searcher // st idx: 17799991100
New searcher // idx: 18099990950
end searcher // st idx: 17899991050
New searcher // idx: 18199990900
end searcher // st idx: 17999991000
New searcher // idx: 18299990850
end searcher // st idx: 18099990950
New searcher // idx: 18399990800
end searcher // st idx: 18199990900
New searcher // idx: 18499990750
end searcher // st idx: 18299990850
New searcher // idx: 18599990700
end searcher // st idx: 18399990800
New searcher // idx: 18699990650
end searcher // st idx: 18499990750
New searcher // idx: 18799990600
end searcher // st idx: 18599990700
New searcher // idx: 18899990550
end searcher // st idx: 18699990650
New searcher // idx: 18999990500
end searcher // st idx: 18799990600
New searcher // idx: 19099990450
end searcher // st idx: 18899990550
New searcher // idx: 19199990400
end searcher // st idx: 18999990500
New searcher // idx: 19299990350
end searcher // st idx: 19099990450
New searcher // idx: 19399990300
end searcher // st idx: 19199990400
New searcher // idx: 19499990250
end searcher // st idx: 19299990350
New searcher // idx: 19599990200
end searcher // st idx: 19399990300
New searcher // idx: 19699990150
end searcher // st idx: 19499990250
New searcher // idx: 19799990100
palindrome found! size: 21 // center idx: 19853243745 // pal: 500452952323259254005
end searcher // st idx: 19599990200
New searcher // idx: 19899990050
end searcher // st idx: 19699990150
New searcher // idx: 19999990000
end searcher // st idx: 19799990100
New searcher // idx: 20099989950
end searcher // st idx: 19899990050
New searcher // idx: 20199989900
end searcher // st idx: 19999990000
New searcher // idx: 20299989850
end searcher // st idx: 20099989950
New searcher // idx: 20399989800
end searcher // st idx: 20199989900
New searcher // idx: 20499989750
end searcher // st idx: 20299989850
New searcher // idx: 20599989700
end searcher // st idx: 20399989800
New searcher // idx: 20699989650
end searcher // st idx: 20499989750
New searcher // idx: 20799989600
end searcher // st idx: 20599989700
New searcher // idx: 20899989550
end searcher // st idx: 20699989650
New searcher // idx: 20999989500
end searcher // st idx: 20799989600
New searcher // idx: 21099989450
end searcher // st idx: 20899989550
New searcher // idx: 21199989400
end searcher // st idx: 20999989500
New searcher // idx: 21299989350
end searcher // st idx: 21099989450
New searcher // idx: 21399989300
end searcher // st idx: 21199989400
New searcher // idx: 21499989250
end searcher // st idx: 21299989350
New searcher // idx: 21599989200
end searcher // st idx: 21399989300
New searcher // idx: 21699989150
end searcher // st idx: 21499989250
New searcher // idx: 21799989100
end searcher // st idx: 21599989200
New searcher // idx: 21899989050
end searcher // st idx: 21699989150
New searcher // idx: 21999989000
end searcher // st idx: 21799989100
New searcher // idx: 22099988950
end searcher // st idx: 21899989050
New searcher // idx: 22199988900
end searcher // st idx: 21999989000
New searcher // idx: 22299988850
end searcher // st idx: 22099988950
New searcher // idx: 22399988800
end searcher // st idx: 22199988900
New searcher // idx: 22499988750
end searcher // st idx: 22299988850
New searcher // idx: 22599988700
end searcher // st idx: 22399988800
New searcher // idx: 22699988650
end searcher // st idx: 22499988750
New searcher // idx: 22799988600
end searcher // st idx: 22599988700
New searcher // idx: 22899988550
end searcher // st idx: 22699988650
New searcher // idx: 22999988500
end searcher // st idx: 22799988600
New searcher // idx: 23099988450
end searcher // st idx: 22899988550
New searcher // idx: 23199988400
end searcher // st idx: 22999988500
New searcher // idx: 23299988350
end searcher // st idx: 23099988450
New searcher // idx: 23399988300
end searcher // st idx: 23199988400
New searcher // idx: 23499988250
end searcher // st idx: 23299988350
New searcher // idx: 23599988200
end searcher // st idx: 23399988300
New searcher // idx: 23699988150
end searcher // st idx: 23499988250
New searcher // idx: 23799988100
end searcher // st idx: 23599988200
New searcher // idx: 23899988050
end searcher // st idx: 23699988150
New searcher // idx: 23999988000
end searcher // st idx: 23799988100
New searcher // idx: 24099987950
end searcher // st idx: 23999988000
New searcher // idx: 24199987900
end searcher // st idx: 23899988050
New searcher // idx: 24299987850
end searcher // st idx: 24099987950
New searcher // idx: 24399987800
end searcher // st idx: 24199987900
New searcher // idx: 24499987750
end searcher // st idx: 24299987850
New searcher // idx: 24599987700
end searcher // st idx: 24399987800
New searcher // idx: 24699987650
end searcher // st idx: 24499987750
New searcher // idx: 24799987600
end searcher // st idx: 24599987700
New searcher // idx: 24899987550
end searcher // st idx: 24699987650
New searcher // idx: 24999987500
end searcher // st idx: 24799987600
New searcher // idx: 25099987450
end searcher // st idx: 24899987550
New searcher // idx: 25199987400
end searcher // st idx: 24999987500
New searcher // idx: 25299987350
end searcher // st idx: 25099987450
New searcher // idx: 25399987300
end searcher // st idx: 25199987400
New searcher // idx: 25499987250
end searcher // st idx: 25299987350
New searcher // idx: 25599987200
end searcher // st idx: 25399987300
New searcher // idx: 25699987150
end searcher // st idx: 25499987250
New searcher // idx: 25799987100
end searcher // st idx: 25599987200
New searcher // idx: 25899987050
end searcher // st idx: 25699987150
New searcher // idx: 25999987000
end searcher // st idx: 25799987100
New searcher // idx: 26099986950
end searcher // st idx: 25999987000
New searcher // idx: 26199986900
end searcher // st idx: 25899987050
New searcher // idx: 26299986850
end searcher // st idx: 26099986950
New searcher // idx: 26399986800
end searcher // st idx: 26199986900
New searcher // idx: 26499986750
end searcher // st idx: 26299986850
New searcher // idx: 26599986700
end searcher // st idx: 26399986800
New searcher // idx: 26699986650
end searcher // st idx: 26499986750
New searcher // idx: 26799986600
end searcher // st idx: 26599986700
New searcher // idx: 26899986550
end searcher // st idx: 26699986650
New searcher // idx: 26999986500
end searcher // st idx: 26799986600
New searcher // idx: 27099986450
end searcher // st idx: 26899986550
New searcher // idx: 27199986400
end searcher // st idx: 26999986500
New searcher // idx: 27299986350
end searcher // st idx: 27099986450
New searcher // idx: 27399986300
end searcher // st idx: 27199986400
New searcher // idx: 27499986250
end searcher // st idx: 27299986350
New searcher // idx: 27599986200
end searcher // st idx: 27399986300
New searcher // idx: 27699986150
end searcher // st idx: 27499986250
New searcher // idx: 27799986100
end searcher // st idx: 27599986200
New searcher // idx: 27899986050
end searcher // st idx: 27699986150
New searcher // idx: 27999986000
end searcher // st idx: 27799986100
New searcher // idx: 28099985950
end searcher // st idx: 27899986050
New searcher // idx: 28199985900
end searcher // st idx: 27999986000
New searcher // idx: 28299985850
end searcher // st idx: 28099985950
New searcher // idx: 28399985800
end searcher // st idx: 28199985900
New searcher // idx: 28499985750
end searcher // st idx: 28299985850
New searcher // idx: 28599985700
end searcher // st idx: 28399985800
New searcher // idx: 28699985650
end searcher // st idx: 28499985750
New searcher // idx: 28799985600
end searcher // st idx: 28599985700
New searcher // idx: 28899985550
end searcher // st idx: 28699985650
New searcher // idx: 28999985500
end searcher // st idx: 28799985600
New searcher // idx: 29099985450
end searcher // st idx: 28899985550
New searcher // idx: 29199985400
end searcher // st idx: 28999985500
New searcher // idx: 29299985350
end searcher // st idx: 29099985450
New searcher // idx: 29399985300
end searcher // st idx: 29199985400
New searcher // idx: 29499985250
end searcher // st idx: 29299985350
New searcher // idx: 29599985200
end searcher // st idx: 29399985300
New searcher // idx: 29699985150
end searcher // st idx: 29499985250
New searcher // idx: 29799985100
end searcher // st idx: 29599985200
New searcher // idx: 29899985050
end searcher // st idx: 29699985150
New searcher // idx: 29999985000
end searcher // st idx: 29799985100
New searcher // idx: 30099984950
end searcher // st idx: 29899985050
New searcher // idx: 30199984900
end searcher // st idx: 29999985000
New searcher // idx: 30299984850
end searcher // st idx: 30099984950
New searcher // idx: 30399984800
end searcher // st idx: 30199984900
New searcher // idx: 30499984750
end searcher // st idx: 30299984850
New searcher // idx: 30599984700
end searcher // st idx: 30399984800
New searcher // idx: 30699984650
end searcher // st idx: 30499984750
New searcher // idx: 30799984600
end searcher // st idx: 30599984700
New searcher // idx: 30899984550
end searcher // st idx: 30699984650
New searcher // idx: 30999984500
end searcher // st idx: 30799984600
New searcher // idx: 31099984450
end searcher // st idx: 30899984550
New searcher // idx: 31199984400
end searcher // st idx: 30999984500
New searcher // idx: 31299984350
end searcher // st idx: 31099984450
New searcher // idx: 31399984300
end searcher // st idx: 31199984400
New searcher // idx: 31499984250
end searcher // st idx: 31299984350
New searcher // idx: 31599984200
end searcher // st idx: 31399984300
New searcher // idx: 31699984150
end searcher // st idx: 31499984250
New searcher // idx: 31799984100
end searcher // st idx: 31599984200
New searcher // idx: 31899984050
end searcher // st idx: 31699984150
New searcher // idx: 31999984000
end searcher // st idx: 31799984100
New searcher // idx: 32099983950
end searcher // st idx: 31899984050
New searcher // idx: 32199983900
end searcher // st idx: 31999984000
New searcher // idx: 32299983850
end searcher // st idx: 32099983950
New searcher // idx: 32399983800
end searcher // st idx: 32199983900
New searcher // idx: 32499983750
end searcher // st idx: 32299983850
New searcher // idx: 32599983700
end searcher // st idx: 32399983800
New searcher // idx: 32699983650
end searcher // st idx: 32499983750
New searcher // idx: 32799983600
end searcher // st idx: 32599983700
New searcher // idx: 32899983550
end searcher // st idx: 32699983650
New searcher // idx: 32999983500
end searcher // st idx: 32799983600
New searcher // idx: 33099983450
end searcher // st idx: 32899983550
New searcher // idx: 33199983400
end searcher // st idx: 32999983500
New searcher // idx: 33299983350
end searcher // st idx: 33099983450
New searcher // idx: 33399983300
end searcher // st idx: 33199983400
New searcher // idx: 33499983250
end searcher // st idx: 33299983350
New searcher // idx: 33599983200
end searcher // st idx: 33399983300
New searcher // idx: 33699983150
end searcher // st idx: 33499983250
New searcher // idx: 33799983100
end searcher // st idx: 33599983200
New searcher // idx: 33899983050
end searcher // st idx: 33699983150
New searcher // idx: 33999983000
end searcher // st idx: 33799983100
New searcher // idx: 34099982950
end searcher // st idx: 33899983050
New searcher // idx: 34199982900
end searcher // st idx: 33999983000
New searcher // idx: 34299982850
end searcher // st idx: 34099982950
New searcher // idx: 34399982800
end searcher // st idx: 34199982900
New searcher // idx: 34499982750
end searcher // st idx: 34299982850
New searcher // idx: 34599982700
end searcher // st idx: 34399982800
New searcher // idx: 34699982650
end searcher // st idx: 34499982750
New searcher // idx: 34799982600
end searcher // st idx: 34599982700
New searcher // idx: 34899982550
end searcher // st idx: 34699982650
New searcher // idx: 34999982500
end searcher // st idx: 34799982600
New searcher // idx: 35099982450
end searcher // st idx: 34899982550
New searcher // idx: 35199982400
end searcher // st idx: 34999982500
New searcher // idx: 35299982350
end searcher // st idx: 35099982450
New searcher // idx: 35399982300
end searcher // st idx: 35199982400
New searcher // idx: 35499982250
end searcher // st idx: 35299982350
New searcher // idx: 35599982200
end searcher // st idx: 35399982300
New searcher // idx: 35699982150
end searcher // st idx: 35499982250
New searcher // idx: 35799982100
end searcher // st idx: 35599982200
New searcher // idx: 35899982050
end searcher // st idx: 35699982150
New searcher // idx: 35999982000
end searcher // st idx: 35799982100
New searcher // idx: 36099981950
end searcher // st idx: 35899982050
New searcher // idx: 36199981900
end searcher // st idx: 35999982000
New searcher // idx: 36299981850
end searcher // st idx: 36099981950
New searcher // idx: 36399981800
palindrome found! size: 21 // center idx: 36409348162 // pal: 119961478676874169911
end searcher // st idx: 36199981900
New searcher // idx: 36499981750
end searcher // st idx: 36299981850
New searcher // idx: 36599981700
end searcher // st idx: 36399981800
New searcher // idx: 36699981650
end searcher // st idx: 36499981750
New searcher // idx: 36799981600
end searcher // st idx: 36599981700
New searcher // idx: 36899981550
end searcher // st idx: 36699981650
New searcher // idx: 36999981500
end searcher // st idx: 36799981600
New searcher // idx: 37099981450
end searcher // st idx: 36899981550
New searcher // idx: 37199981400
end searcher // st idx: 36999981500
New searcher // idx: 37299981350
end searcher // st idx: 37099981450
New searcher // idx: 37399981300
end searcher // st idx: 37199981400
New searcher // idx: 37499981250
end searcher // st idx: 37299981350
New searcher // idx: 37599981200
end searcher // st idx: 37399981300
New searcher // idx: 37699981150
end searcher // st idx: 37499981250
New searcher // idx: 37799981100
end searcher // st idx: 37599981200
New searcher // idx: 37899981050
end searcher // st idx: 37699981150
New searcher // idx: 37999981000
end searcher // st idx: 37799981100
New searcher // idx: 38099980950
end searcher // st idx: 37899981050
New searcher // idx: 38199980900
end searcher // st idx: 37999981000
New searcher // idx: 38299980850
end searcher // st idx: 38099980950
New searcher // idx: 38399980800
end searcher // st idx: 38199980900
New searcher // idx: 38499980750
end searcher // st idx: 38299980850
New searcher // idx: 38599980700
end searcher // st idx: 38399980800
New searcher // idx: 38699980650
end searcher // st idx: 38499980750
New searcher // idx: 38799980600
end searcher // st idx: 38599980700
New searcher // idx: 38899980550
end searcher // st idx: 38699980650
New searcher // idx: 38999980500
end searcher // st idx: 38799980600
New searcher // idx: 39099980450
end searcher // st idx: 38899980550
New searcher // idx: 39199980400
end searcher // st idx: 38999980500
New searcher // idx: 39299980350
end searcher // st idx: 39099980450
New searcher // idx: 39399980300
end searcher // st idx: 39199980400
New searcher // idx: 39499980250
end searcher // st idx: 39299980350
New searcher // idx: 39599980200
end searcher // st idx: 39399980300
New searcher // idx: 39699980150
end searcher // st idx: 39499980250
New searcher // idx: 39799980100
end searcher // st idx: 39599980200
New searcher // idx: 39899980050
end searcher // st idx: 39699980150
New searcher // idx: 39999980000
palindrome found! size: 21 // center idx: 39884332520 // pal: 572036058161850630275
end searcher // st idx: 39799980100
New searcher // idx: 40099979950
end searcher // st idx: 39899980050
New searcher // idx: 40199979900
end searcher // st idx: 39999980000
New searcher // idx: 40299979850
end searcher // st idx: 40099979950
New searcher // idx: 40399979800
end searcher // st idx: 40199979900
New searcher // idx: 40499979750
end searcher // st idx: 40299979850
New searcher // idx: 40599979700
end searcher // st idx: 40399979800
New searcher // idx: 40699979650
end searcher // st idx: 40499979750
New searcher // idx: 40799979600
end searcher // st idx: 40599979700
New searcher // idx: 40899979550
end searcher // st idx: 40699979650
New searcher // idx: 40999979500
end searcher // st idx: 40799979600
New searcher // idx: 41099979450
end searcher // st idx: 40899979550
New searcher // idx: 41199979400
end searcher // st idx: 40999979500
New searcher // idx: 41299979350
end searcher // st idx: 41099979450
New searcher // idx: 41399979300
end searcher // st idx: 41199979400
New searcher // idx: 41499979250
end searcher // st idx: 41299979350
New searcher // idx: 41599979200
end searcher // st idx: 41399979300
New searcher // idx: 41699979150
end searcher // st idx: 41499979250
New searcher // idx: 41799979100
end searcher // st idx: 41599979200
New searcher // idx: 41899979050
end searcher // st idx: 41699979150
New searcher // idx: 41999979000
end searcher // st idx: 41799979100
New searcher // idx: 42099978950
end searcher // st idx: 41899979050
New searcher // idx: 42199978900
end searcher // st idx: 41999979000
New searcher // idx: 42299978850
end searcher // st idx: 42099978950
New searcher // idx: 42399978800
end searcher // st idx: 42199978900
New searcher // idx: 42499978750
end searcher // st idx: 42299978850
New searcher // idx: 42599978700
end searcher // st idx: 42399978800
New searcher // idx: 42699978650
end searcher // st idx: 42499978750
New searcher // idx: 42799978600
end searcher // st idx: 42599978700
New searcher // idx: 42899978550
end searcher // st idx: 42699978650
New searcher // idx: 42999978500
end searcher // st idx: 42799978600
New searcher // idx: 43099978450
end searcher // st idx: 42899978550
New searcher // idx: 43199978400
end searcher // st idx: 42999978500
New searcher // idx: 43299978350
end searcher // st idx: 43099978450
New searcher // idx: 43399978300
end searcher // st idx: 43199978400
New searcher // idx: 43499978250
end searcher // st idx: 43299978350
New searcher // idx: 43599978200
end searcher // st idx: 43399978300
New searcher // idx: 43699978150
end searcher // st idx: 43499978250
New searcher // idx: 43799978100
end searcher // st idx: 43599978200
New searcher // idx: 43899978050
end searcher // st idx: 43699978150
New searcher // idx: 43999978000
end searcher // st idx: 43799978100
New searcher // idx: 44099977950
end searcher // st idx: 43899978050
New searcher // idx: 44199977900
end searcher // st idx: 43999978000
New searcher // idx: 44299977850
end searcher // st idx: 44099977950
New searcher // idx: 44399977800
end searcher // st idx: 44199977900
New searcher // idx: 44499977750
end searcher // st idx: 44299977850
New searcher // idx: 44599977700
end searcher // st idx: 44399977800
New searcher // idx: 44699977650
end searcher // st idx: 44499977750
New searcher // idx: 44799977600
end searcher // st idx: 44599977700
New searcher // idx: 44899977550
end searcher // st idx: 44699977650
New searcher // idx: 44999977500
end searcher // st idx: 44799977600
New searcher // idx: 45099977450
end searcher // st idx: 44899977550
New searcher // idx: 45199977400
end searcher // st idx: 44999977500
New searcher // idx: 45299977350
end searcher // st idx: 45099977450
New searcher // idx: 45399977300
end searcher // st idx: 45199977400
New searcher // idx: 45499977250
end searcher // st idx: 45299977350
New searcher // idx: 45599977200
end searcher // st idx: 45399977300
New searcher // idx: 45699977150
end searcher // st idx: 45499977250
New searcher // idx: 45799977100
end searcher // st idx: 45599977200
New searcher // idx: 45899977050
end searcher // st idx: 45699977150
New searcher // idx: 45999977000
end searcher // st idx: 45799977100
New searcher // idx: 46099976950
end searcher // st idx: 45899977050
New searcher // idx: 46199976900
end searcher // st idx: 45999977000
New searcher // idx: 46299976850
end searcher // st idx: 46099976950
New searcher // idx: 46399976800
end searcher // st idx: 46199976900
New searcher // idx: 46499976750
end searcher // st idx: 46299976850
New searcher // idx: 46599976700
end searcher // st idx: 46399976800
New searcher // idx: 46699976650
end searcher // st idx: 46499976750
New searcher // idx: 46799976600
end searcher // st idx: 46599976700
New searcher // idx: 46899976550
end searcher // st idx: 46699976650
New searcher // idx: 46999976500
end searcher // st idx: 46799976600
New searcher // idx: 47099976450
end searcher // st idx: 46899976550
New searcher // idx: 47199976400
end searcher // st idx: 46999976500
New searcher // idx: 47299976350
end searcher // st idx: 47099976450
New searcher // idx: 47399976300
end searcher // st idx: 47199976400
New searcher // idx: 47499976250
end searcher // st idx: 47299976350
New searcher // idx: 47599976200
end searcher // st idx: 47399976300
New searcher // idx: 47699976150
end searcher // st idx: 47499976250
New searcher // idx: 47799976100
end searcher // st idx: 47599976200
New searcher // idx: 47899976050
end searcher // st idx: 47699976150
New searcher // idx: 47999976000
end searcher // st idx: 47799976100
New searcher // idx: 48099975950
end searcher // st idx: 47899976050
New searcher // idx: 48199975900
end searcher // st idx: 47999976000
New searcher // idx: 48299975850
end searcher // st idx: 48099975950
New searcher // idx: 48399975800
end searcher // st idx: 48199975900
New searcher // idx: 48499975750
end searcher // st idx: 48299975850
New searcher // idx: 48599975700
end searcher // st idx: 48399975800
New searcher // idx: 48699975650
end searcher // st idx: 48499975750
New searcher // idx: 48799975600
end searcher // st idx: 48699975650
end searcher // st idx: 48599975700
New searcher // idx: 48899975550
New searcher // idx: 48999975500
end searcher // st idx: 48799975600
New searcher // idx: 49099975450
end searcher // st idx: 48899975550
New searcher // idx: 49199975400
end searcher // st idx: 48999975500
New searcher // idx: 49299975350
end searcher // st idx: 49099975450
New searcher // idx: 49399975300
end searcher // st idx: 49199975400
New searcher // idx: 49499975250
end searcher // st idx: 49299975350
New searcher // idx: 49599975200
end searcher // st idx: 49399975300
New searcher // idx: 49699975150
end searcher // st idx: 49499975250
New searcher // idx: 49799975100
end searcher // st idx: 49599975200
New searcher // idx: 49899975050
end searcher // st idx: 49699975150
New searcher // idx: 49999975000
end searcher // st idx: 49799975100
New searcher // idx: 50099974950
end searcher // st idx: 49899975050
New searcher // idx: 50199974900
end searcher // st idx: 49999975000
New searcher // idx: 50299974850
end searcher // st idx: 50099974950
New searcher // idx: 50399974800
end searcher // st idx: 50199974900
New searcher // idx: 50499974750
end searcher // st idx: 50299974850
New searcher // idx: 50599974700
end searcher // st idx: 50399974800
New searcher // idx: 50699974650
end searcher // st idx: 50499974750
New searcher // idx: 50799974600
end searcher // st idx: 50699974650
New searcher // idx: 50899974550
end searcher // st idx: 50599974700
New searcher // idx: 50999974500
end searcher // st idx: 50799974600
New searcher // idx: 51099974450
end searcher // st idx: 50899974550
New searcher // idx: 51199974400
end searcher // st idx: 50999974500
New searcher // idx: 51299974350
end searcher // st idx: 51099974450
New searcher // idx: 51399974300
end searcher // st idx: 51199974400
New searcher // idx: 51499974250
end searcher // st idx: 51299974350
New searcher // idx: 51599974200
end searcher // st idx: 51399974300
New searcher // idx: 51699974150
end searcher // st idx: 51499974250
New searcher // idx: 51799974100
end searcher // st idx: 51599974200
New searcher // idx: 51899974050
end searcher // st idx: 51699974150
New searcher // idx: 51999974000
end searcher // st idx: 51799974100
New searcher // idx: 52099973950
end searcher // st idx: 51899974050
New searcher // idx: 52199973900
end searcher // st idx: 51999974000
New searcher // idx: 52299973850
end searcher // st idx: 52099973950
New searcher // idx: 52399973800
end searcher // st idx: 52199973900
New searcher // idx: 52499973750
end searcher // st idx: 52299973850
New searcher // idx: 52599973700
end searcher // st idx: 52399973800
New searcher // idx: 52699973650
end searcher // st idx: 52499973750
New searcher // idx: 52799973600
end searcher // st idx: 52599973700
New searcher // idx: 52899973550
end searcher // st idx: 52699973650
New searcher // idx: 52999973500
end searcher // st idx: 52799973600
New searcher // idx: 53099973450
end searcher // st idx: 52899973550
New searcher // idx: 53199973400
end searcher // st idx: 52999973500
New searcher // idx: 53299973350
end searcher // st idx: 53099973450
New searcher // idx: 53399973300
end searcher // st idx: 53199973400
New searcher // idx: 53499973250
end searcher // st idx: 53299973350
New searcher // idx: 53599973200
end searcher // st idx: 53399973300
New searcher // idx: 53699973150
end searcher // st idx: 53499973250
New searcher // idx: 53799973100
end searcher // st idx: 53599973200
New searcher // idx: 53899973050
end searcher // st idx: 53699973150
New searcher // idx: 53999973000
end searcher // st idx: 53799973100
New searcher // idx: 54099972950
end searcher // st idx: 53899973050
New searcher // idx: 54199972900
end searcher // st idx: 53999973000
New searcher // idx: 54299972850
end searcher // st idx: 54099972950
New searcher // idx: 54399972800
end searcher // st idx: 54199972900
New searcher // idx: 54499972750
end searcher // st idx: 54299972850
New searcher // idx: 54599972700
end searcher // st idx: 54399972800
New searcher // idx: 54699972650
end searcher // st idx: 54499972750
New searcher // idx: 54799972600
end searcher // st idx: 54599972700
New searcher // idx: 54899972550
end searcher // st idx: 54699972650
New searcher // idx: 54999972500
end searcher // st idx: 54799972600
New searcher // idx: 55099972450
end searcher // st idx: 54899972550
New searcher // idx: 55199972400
end searcher // st idx: 54999972500
New searcher // idx: 55299972350
end searcher // st idx: 55099972450
New searcher // idx: 55399972300
end searcher // st idx: 55199972400
New searcher // idx: 55499972250
end searcher // st idx: 55299972350
New searcher // idx: 55599972200
end searcher // st idx: 55399972300
New searcher // idx: 55699972150
end searcher // st idx: 55499972250
New searcher // idx: 55799972100
end searcher // st idx: 55599972200
New searcher // idx: 55899972050
end searcher // st idx: 55699972150
New searcher // idx: 55999972000
end searcher // st idx: 55799972100
New searcher // idx: 56099971950
end searcher // st idx: 55899972050
New searcher // idx: 56199971900
end searcher // st idx: 55999972000
New searcher // idx: 56299971850
end searcher // st idx: 56099971950
New searcher // idx: 56399971800
end searcher // st idx: 56199971900
New searcher // idx: 56499971750
end searcher // st idx: 56299971850
New searcher // idx: 56599971700
end searcher // st idx: 56399971800
New searcher // idx: 56699971650
end searcher // st idx: 56499971750
New searcher // idx: 56799971600
end searcher // st idx: 56599971700
New searcher // idx: 56899971550
end searcher // st idx: 56699971650
New searcher // idx: 56999971500
end searcher // st idx: 56799971600
New searcher // idx: 57099971450
end searcher // st idx: 56899971550
New searcher // idx: 57199971400
end searcher // st idx: 56999971500
New searcher // idx: 57299971350
end searcher // st idx: 57099971450
New searcher // idx: 57399971300
end searcher // st idx: 57199971400
New searcher // idx: 57499971250
end searcher // st idx: 57299971350
New searcher // idx: 57599971200
end searcher // st idx: 57399971300
New searcher // idx: 57699971150
end searcher // st idx: 57499971250
New searcher // idx: 57799971100
end searcher // st idx: 57599971200
New searcher // idx: 57899971050
end searcher // st idx: 57699971150
New searcher // idx: 57999971000
end searcher // st idx: 57799971100
New searcher // idx: 58099970950
end searcher // st idx: 57899971050
New searcher // idx: 58199970900
end searcher // st idx: 57999971000
New searcher // idx: 58299970850
end searcher // st idx: 58099970950
New searcher // idx: 58399970800
end searcher // st idx: 58199970900
New searcher // idx: 58499970750
end searcher // st idx: 58299970850
New searcher // idx: 58599970700
end searcher // st idx: 58399970800
New searcher // idx: 58699970650
end searcher // st idx: 58499970750
New searcher // idx: 58799970600
end searcher // st idx: 58599970700
New searcher // idx: 58899970550
end searcher // st idx: 58699970650
New searcher // idx: 58999970500
end searcher // st idx: 58799970600
end searcher // st idx: 58899970550
New searcher // idx: 59099970450
New searcher // idx: 59199970400
end searcher // st idx: 58999970500
New searcher // idx: 59299970350
end searcher // st idx: 59099970450
end searcher // st idx: 59199970400
New searcher // idx: 59399970300
New searcher // idx: 59499970250
end searcher // st idx: 59299970350
New searcher // idx: 59599970200
end searcher // st idx: 59499970250
New searcher // idx: 59699970150
end searcher // st idx: 59399970300
New searcher // idx: 59799970100
end searcher // st idx: 59599970200
New searcher // idx: 59899970050
end searcher // st idx: 59699970150
New searcher // idx: 59999970000
end searcher // st idx: 59799970100
New searcher // idx: 60099969950
end searcher // st idx: 59899970050
New searcher // idx: 60199969900
palindrome found! size: 21 // center idx: 60076168596 // pal: 459093062979260390954
end searcher // st idx: 59999970000
New searcher // idx: 60299969850
end searcher // st idx: 60099969950
New searcher // idx: 60399969800
end searcher // st idx: 60199969900
New searcher // idx: 60499969750
end searcher // st idx: 60299969850
New searcher // idx: 60599969700
end searcher // st idx: 60399969800
New searcher // idx: 60699969650
end searcher // st idx: 60499969750
New searcher // idx: 60799969600
end searcher // st idx: 60599969700
New searcher // idx: 60899969550
end searcher // st idx: 60699969650
New searcher // idx: 60999969500
end searcher // st idx: 60799969600
New searcher // idx: 61099969450
end searcher // st idx: 60899969550
New searcher // idx: 61199969400
end searcher // st idx: 60999969500
New searcher // idx: 61299969350
end searcher // st idx: 61099969450
New searcher // idx: 61399969300
end searcher // st idx: 61199969400
New searcher // idx: 61499969250
end searcher // st idx: 61299969350
New searcher // idx: 61599969200
end searcher // st idx: 61399969300
New searcher // idx: 61699969150
palindrome found! size: 21 // center idx: 61686339529 // pal: 393656450282054656393
end searcher // st idx: 61499969250
New searcher // idx: 61799969100
end searcher // st idx: 61599969200
New searcher // idx: 61899969050
end searcher // st idx: 61699969150
New searcher // idx: 61999969000
end searcher // st idx: 61799969100
New searcher // idx: 62099968950
end searcher // st idx: 61899969050
New searcher // idx: 62199968900
end searcher // st idx: 61999969000
New searcher // idx: 62299968850
end searcher // st idx: 62099968950
New searcher // idx: 62399968800
end searcher // st idx: 62199968900
New searcher // idx: 62499968750
end searcher // st idx: 62299968850
New searcher // idx: 62599968700
end searcher // st idx: 62399968800
New searcher // idx: 62699968650
end searcher // st idx: 62499968750
New searcher // idx: 62799968600
end searcher // st idx: 62599968700
New searcher // idx: 62899968550
end searcher // st idx: 62699968650
New searcher // idx: 62999968500
end searcher // st idx: 62799968600
New searcher // idx: 63099968450
end searcher // st idx: 62899968550
New searcher // idx: 63199968400
end searcher // st idx: 62999968500
New searcher // idx: 63299968350
end searcher // st idx: 63099968450
New searcher // idx: 63399968300
end searcher // st idx: 63199968400
New searcher // idx: 63499968250
end searcher // st idx: 63299968350
New searcher // idx: 63599968200
end searcher // st idx: 63399968300
New searcher // idx: 63699968150
end searcher // st idx: 63499968250
New searcher // idx: 63799968100
end searcher // st idx: 63599968200
New searcher // idx: 63899968050
end searcher // st idx: 63699968150
New searcher // idx: 63999968000
end searcher // st idx: 63799968100
New searcher // idx: 64099967950
end searcher // st idx: 63899968050
New searcher // idx: 64199967900
end searcher // st idx: 63999968000
New searcher // idx: 64299967850
end searcher // st idx: 64099967950
New searcher // idx: 64399967800
end searcher // st idx: 64199967900
New searcher // idx: 64499967750
end searcher // st idx: 64299967850
New searcher // idx: 64599967700
end searcher // st idx: 64399967800
New searcher // idx: 64699967650
end searcher // st idx: 64499967750
New searcher // idx: 64799967600
end searcher // st idx: 64599967700
New searcher // idx: 64899967550
end searcher // st idx: 64699967650
New searcher // idx: 64999967500
end searcher // st idx: 64799967600
New searcher // idx: 65099967450
end searcher // st idx: 64899967550
New searcher // idx: 65199967400
end searcher // st idx: 64999967500
New searcher // idx: 65299967350
end searcher // st idx: 65099967450
New searcher // idx: 65399967300
end searcher // st idx: 65199967400
New searcher // idx: 65499967250
end searcher // st idx: 65299967350
New searcher // idx: 65599967200
end searcher // st idx: 65399967300
New searcher // idx: 65699967150
end searcher // st idx: 65499967250
New searcher // idx: 65799967100
end searcher // st idx: 65599967200
New searcher // idx: 65899967050
end searcher // st idx: 65699967150
New searcher // idx: 65999967000
end searcher // st idx: 65799967100
New searcher // idx: 66099966950
end searcher // st idx: 65899967050
New searcher // idx: 66199966900
end searcher // st idx: 65999967000
New searcher // idx: 66299966850
end searcher // st idx: 66099966950
New searcher // idx: 66399966800
end searcher // st idx: 66199966900
New searcher // idx: 66499966750
end searcher // st idx: 66299966850
New searcher // idx: 66599966700
end searcher // st idx: 66399966800
New searcher // idx: 66699966650
end searcher // st idx: 66499966750
New searcher // idx: 66799966600
end searcher // st idx: 66599966700
New searcher // idx: 66899966550
end searcher // st idx: 66699966650
New searcher // idx: 66999966500
end searcher // st idx: 66799966600
New searcher // idx: 67099966450
end searcher // st idx: 66899966550
New searcher // idx: 67199966400
end searcher // st idx: 66999966500
New searcher // idx: 67299966350
end searcher // st idx: 67099966450
New searcher // idx: 67399966300
end searcher // st idx: 67199966400
New searcher // idx: 67499966250
end searcher // st idx: 67299966350
New searcher // idx: 67599966200
end searcher // st idx: 67399966300
New searcher // idx: 67699966150
end searcher // st idx: 67499966250
New searcher // idx: 67799966100
end searcher // st idx: 67599966200
New searcher // idx: 67899966050
end searcher // st idx: 67699966150
New searcher // idx: 67999966000
end searcher // st idx: 67799966100
New searcher // idx: 68099965950
end searcher // st idx: 67899966050
New searcher // idx: 68199965900
end searcher // st idx: 67999966000
New searcher // idx: 68299965850
end searcher // st idx: 68099965950
New searcher // idx: 68399965800
end searcher // st idx: 68199965900
New searcher // idx: 68499965750
end searcher // st idx: 68299965850
New searcher // idx: 68599965700
end searcher // st idx: 68499965750
New searcher // idx: 68699965650
end searcher // st idx: 68399965800
New searcher // idx: 68799965600
end searcher // st idx: 68599965700
New searcher // idx: 68899965550
end searcher // st idx: 68699965650
New searcher // idx: 68999965500
end searcher // st idx: 68799965600
New searcher // idx: 69099965450
end searcher // st idx: 68899965550
New searcher // idx: 69199965400
end searcher // st idx: 69099965450
end searcher // st idx: 68999965500
New searcher // idx: 69299965350
New searcher // idx: 69399965300
end searcher // st idx: 69199965400
New searcher // idx: 69499965250
end searcher // st idx: 69299965350
New searcher // idx: 69599965200
end searcher // st idx: 69399965300
New searcher // idx: 69699965150
end searcher // st idx: 69499965250
New searcher // idx: 69799965100
end searcher // st idx: 69599965200
New searcher // idx: 69899965050
end searcher // st idx: 69699965150
New searcher // idx: 69999965000
end searcher // st idx: 69799965100
New searcher // idx: 70099964950
end searcher // st idx: 69899965050
New searcher // idx: 70199964900
end searcher // st idx: 69999965000
New searcher // idx: 70299964850
end searcher // st idx: 70099964950
New searcher // idx: 70399964800
end searcher // st idx: 70199964900
New searcher // idx: 70499964750
end searcher // st idx: 70299964850
New searcher // idx: 70599964700
end searcher // st idx: 70399964800
New searcher // idx: 70699964650
end searcher // st idx: 70499964750
New searcher // idx: 70799964600
end searcher // st idx: 70599964700
New searcher // idx: 70899964550
end searcher // st idx: 70699964650
New searcher // idx: 70999964500
end searcher // st idx: 70799964600
New searcher // idx: 71099964450
end searcher // st idx: 70899964550
New searcher // idx: 71199964400
end searcher // st idx: 70999964500
New searcher // idx: 71299964350
end searcher // st idx: 71099964450
New searcher // idx: 71399964300
end searcher // st idx: 71199964400
New searcher // idx: 71499964250
end searcher // st idx: 71299964350
New searcher // idx: 71599964200
end searcher // st idx: 71399964300
New searcher // idx: 71699964150
end searcher // st idx: 71499964250
New searcher // idx: 71799964100
end searcher // st idx: 71599964200
New searcher // idx: 71899964050
end searcher // st idx: 71699964150
New searcher // idx: 71999964000
end searcher // st idx: 71899964050
end searcher // st idx: 71799964100
New searcher // idx: 72099963950
New searcher // idx: 72199963900
end searcher // st idx: 71999964000
end searcher // st idx: 72099963950
New searcher // idx: 72299963850
New searcher // idx: 72399963800
end searcher // st idx: 72199963900
New searcher // idx: 72499963750
end searcher // st idx: 72399963800
New searcher // idx: 72599963700
end searcher // st idx: 72299963850
New searcher // idx: 72699963650
end searcher // st idx: 72499963750
New searcher // idx: 72799963600
end searcher // st idx: 72599963700
New searcher // idx: 72899963550
end searcher // st idx: 72699963650
New searcher // idx: 72999963500
end searcher // st idx: 72799963600
New searcher // idx: 73099963450
end searcher // st idx: 72899963550
New searcher // idx: 73199963400
end searcher // st idx: 72999963500
New searcher // idx: 73299963350
end searcher // st idx: 73099963450
New searcher // idx: 73399963300
end searcher // st idx: 73199963400
New searcher // idx: 73499963250
end searcher // st idx: 73299963350
New searcher // idx: 73599963200
end searcher // st idx: 73399963300
New searcher // idx: 73699963150
end searcher // st idx: 73499963250
New searcher // idx: 73799963100
end searcher // st idx: 73599963200
New searcher // idx: 73899963050
end searcher // st idx: 73699963150
New searcher // idx: 73999963000
end searcher // st idx: 73799963100
New searcher // idx: 74099962950
end searcher // st idx: 73899963050
New searcher // idx: 74199962900
end searcher // st idx: 73999963000
New searcher // idx: 74299962850
end searcher // st idx: 74099962950
New searcher // idx: 74399962800
end searcher // st idx: 74199962900
end searcher // st idx: 74299962850
New searcher // idx: 74499962750
New searcher // idx: 74599962700
end searcher // st idx: 74399962800
New searcher // idx: 74699962650
end searcher // st idx: 74499962750
end searcher // st idx: 74599962700
New searcher // idx: 74799962600
New searcher // idx: 74899962550
end searcher // st idx: 74699962650
New searcher // idx: 74999962500
end searcher // st idx: 74799962600
New searcher // idx: 75099962450
end searcher // st idx: 74899962550
New searcher // idx: 75199962400
end searcher // st idx: 74999962500
New searcher // idx: 75299962350
end searcher // st idx: 75099962450
end searcher // st idx: 75199962400
New searcher // idx: 75399962300
New searcher // idx: 75499962250
end searcher // st idx: 75299962350
New searcher // idx: 75599962200
end searcher // st idx: 75399962300
New searcher // idx: 75699962150
end searcher // st idx: 75499962250
New searcher // idx: 75799962100
end searcher // st idx: 75599962200
New searcher // idx: 75899962050
end searcher // st idx: 75699962150
New searcher // idx: 75999962000
end searcher // st idx: 75799962100
New searcher // idx: 76099961950
end searcher // st idx: 75899962050
New searcher // idx: 76199961900
end searcher // st idx: 75999962000
New searcher // idx: 76299961850
end searcher // st idx: 76099961950
New searcher // idx: 76399961800
end searcher // st idx: 76199961900
New searcher // idx: 76499961750
end searcher // st idx: 76299961850
New searcher // idx: 76599961700
end searcher // st idx: 76399961800
New searcher // idx: 76699961650
end searcher // st idx: 76499961750
New searcher // idx: 76799961600
end searcher // st idx: 76599961700
New searcher // idx: 76899961550
end searcher // st idx: 76699961650
New searcher // idx: 76999961500
end searcher // st idx: 76799961600
New searcher // idx: 77099961450
end searcher // st idx: 76899961550
New searcher // idx: 77199961400
end searcher // st idx: 76999961500
New searcher // idx: 77299961350
end searcher // st idx: 77099961450
New searcher // idx: 77399961300
end searcher // st idx: 77199961400
New searcher // idx: 77499961250
end searcher // st idx: 77299961350
New searcher // idx: 77599961200
end searcher // st idx: 77399961300
New searcher // idx: 77699961150
end searcher // st idx: 77499961250
New searcher // idx: 77799961100
end searcher // st idx: 77599961200
New searcher // idx: 77899961050
end searcher // st idx: 77699961150
New searcher // idx: 77999961000
end searcher // st idx: 77799961100
New searcher // idx: 78099960950
end searcher // st idx: 77899961050
New searcher // idx: 78199960900
end searcher // st idx: 77999961000
New searcher // idx: 78299960850
end searcher // st idx: 78099960950
New searcher // idx: 78399960800
end searcher // st idx: 78199960900
New searcher // idx: 78499960750
end searcher // st idx: 78299960850
New searcher // idx: 78599960700
end searcher // st idx: 78399960800
New searcher // idx: 78699960650
end searcher // st idx: 78499960750
New searcher // idx: 78799960600
end searcher // st idx: 78599960700
New searcher // idx: 78899960550
end searcher // st idx: 78699960650
New searcher // idx: 78999960500
end searcher // st idx: 78799960600
New searcher // idx: 79099960450
end searcher // st idx: 78899960550
New searcher // idx: 79199960400
end searcher // st idx: 78999960500
New searcher // idx: 79299960350
end searcher // st idx: 79099960450
New searcher // idx: 79399960300
end searcher // st idx: 79199960400
New searcher // idx: 79499960250
end searcher // st idx: 79299960350
New searcher // idx: 79599960200
end searcher // st idx: 79399960300
New searcher // idx: 79699960150
end searcher // st idx: 79499960250
New searcher // idx: 79799960100
end searcher // st idx: 79599960200
New searcher // idx: 79899960050
end searcher // st idx: 79699960150
New searcher // idx: 79999960000
end searcher // st idx: 79799960100
New searcher // idx: 80099959950
end searcher // st idx: 79899960050
New searcher // idx: 80199959900
end searcher // st idx: 79999960000
New searcher // idx: 80299959850
end searcher // st idx: 80099959950
New searcher // idx: 80399959800
end searcher // st idx: 80199959900
New searcher // idx: 80499959750
end searcher // st idx: 80299959850
New searcher // idx: 80599959700
end searcher // st idx: 80399959800
New searcher // idx: 80699959650
end searcher // st idx: 80499959750
New searcher // idx: 80799959600
end searcher // st idx: 80599959700
New searcher // idx: 80899959550
end searcher // st idx: 80699959650
New searcher // idx: 80999959500
end searcher // st idx: 80799959600
New searcher // idx: 81099959450
end searcher // st idx: 80899959550
New searcher // idx: 81199959400
end searcher // st idx: 80999959500
New searcher // idx: 81299959350
end searcher // st idx: 81099959450
New searcher // idx: 81399959300
end searcher // st idx: 81199959400
New searcher // idx: 81499959250
end searcher // st idx: 81299959350
New searcher // idx: 81599959200
end searcher // st idx: 81399959300
New searcher // idx: 81699959150
end searcher // st idx: 81499959250
New searcher // idx: 81799959100
end searcher // st idx: 81599959200
New searcher // idx: 81899959050
end searcher // st idx: 81699959150
New searcher // idx: 81999959000
end searcher // st idx: 81799959100
New searcher // idx: 82099958950
end searcher // st idx: 81899959050
New searcher // idx: 82199958900
end searcher // st idx: 81999959000
New searcher // idx: 82299958850
end searcher // st idx: 82099958950
New searcher // idx: 82399958800
end searcher // st idx: 82199958900
New searcher // idx: 82499958750
end searcher // st idx: 82299958850
New searcher // idx: 82599958700
end searcher // st idx: 82399958800
New searcher // idx: 82699958650
end searcher // st idx: 82499958750
New searcher // idx: 82799958600
end searcher // st idx: 82599958700
New searcher // idx: 82899958550
end searcher // st idx: 82699958650
New searcher // idx: 82999958500
end searcher // st idx: 82799958600
New searcher // idx: 83099958450
end searcher // st idx: 82899958550
New searcher // idx: 83199958400
end searcher // st idx: 82999958500
New searcher // idx: 83299958350
end searcher // st idx: 83099958450
New searcher // idx: 83399958300
end searcher // st idx: 83299958350
New searcher // idx: 83499958250
end searcher // st idx: 83199958400
New searcher // idx: 83599958200
end searcher // st idx: 83399958300
New searcher // idx: 83699958150
end searcher // st idx: 83499958250
New searcher // idx: 83799958100
end searcher // st idx: 83599958200
New searcher // idx: 83899958050
end searcher // st idx: 83699958150
New searcher // idx: 83999958000
end searcher // st idx: 83799958100
New searcher // idx: 84099957950
end searcher // st idx: 83899958050
New searcher // idx: 84199957900
end searcher // st idx: 83999958000
New searcher // idx: 84299957850
end searcher // st idx: 84099957950
New searcher // idx: 84399957800
end searcher // st idx: 84199957900
New searcher // idx: 84499957750
end searcher // st idx: 84299957850
New searcher // idx: 84599957700
end searcher // st idx: 84399957800
New searcher // idx: 84699957650
end searcher // st idx: 84499957750
New searcher // idx: 84799957600
end searcher // st idx: 84599957700
New searcher // idx: 84899957550
end searcher // st idx: 84699957650
New searcher // idx: 84999957500
end searcher // st idx: 84799957600
New searcher // idx: 85099957450
end searcher // st idx: 84899957550
New searcher // idx: 85199957400
end searcher // st idx: 84999957500
New searcher // idx: 85299957350
end searcher // st idx: 85099957450
New searcher // idx: 85399957300
end searcher // st idx: 85199957400
New searcher // idx: 85499957250
end searcher // st idx: 85299957350
New searcher // idx: 85599957200
end searcher // st idx: 85399957300
New searcher // idx: 85699957150
end searcher // st idx: 85499957250
New searcher // idx: 85799957100
end searcher // st idx: 85599957200
New searcher // idx: 85899957050
end searcher // st idx: 85699957150
New searcher // idx: 85999957000
end searcher // st idx: 85799957100
New searcher // idx: 86099956950
end searcher // st idx: 85899957050
New searcher // idx: 86199956900
end searcher // st idx: 85999957000
New searcher // idx: 86299956850
end searcher // st idx: 86099956950
New searcher // idx: 86399956800
end searcher // st idx: 86199956900
New searcher // idx: 86499956750
end searcher // st idx: 86299956850
New searcher // idx: 86599956700
end searcher // st idx: 86399956800
New searcher // idx: 86699956650
end searcher // st idx: 86499956750
New searcher // idx: 86799956600
end searcher // st idx: 86599956700
New searcher // idx: 86899956550
end searcher // st idx: 86699956650
New searcher // idx: 86999956500
end searcher // st idx: 86799956600
New searcher // idx: 87099956450
end searcher // st idx: 86899956550
New searcher // idx: 87199956400
end searcher // st idx: 86999956500
New searcher // idx: 87299956350
end searcher // st idx: 87099956450
New searcher // idx: 87399956300
end searcher // st idx: 87199956400
New searcher // idx: 87499956250
end searcher // st idx: 87299956350
New searcher // idx: 87599956200
end searcher // st idx: 87399956300
New searcher // idx: 87699956150
end searcher // st idx: 87499956250
New searcher // idx: 87799956100
end searcher // st idx: 87599956200
New searcher // idx: 87899956050
end searcher // st idx: 87699956150
New searcher // idx: 87999956000
end searcher // st idx: 87799956100
New searcher // idx: 88099955950
end searcher // st idx: 87899956050
New searcher // idx: 88199955900
end searcher // st idx: 87999956000
New searcher // idx: 88299955850
end searcher // st idx: 88099955950
New searcher // idx: 88399955800
end searcher // st idx: 88199955900
New searcher // idx: 88499955750
end searcher // st idx: 88299955850
New searcher // idx: 88599955700
end searcher // st idx: 88399955800
New searcher // idx: 88699955650
end searcher // st idx: 88499955750
New searcher // idx: 88799955600
end searcher // st idx: 88599955700
New searcher // idx: 88899955550
end searcher // st idx: 88699955650
New searcher // idx: 88999955500
end searcher // st idx: 88799955600
New searcher // idx: 89099955450
end searcher // st idx: 88899955550
New searcher // idx: 89199955400
end searcher // st idx: 88999955500
New searcher // idx: 89299955350
end searcher // st idx: 89099955450
New searcher // idx: 89399955300
end searcher // st idx: 89199955400
New searcher // idx: 89499955250
end searcher // st idx: 89299955350
New searcher // idx: 89599955200
end searcher // st idx: 89399955300
New searcher // idx: 89699955150
end searcher // st idx: 89499955250
New searcher // idx: 89799955100
end searcher // st idx: 89599955200
New searcher // idx: 89899955050
end searcher // st idx: 89699955150
New searcher // idx: 89999955000
end searcher // st idx: 89799955100
New searcher // idx: 90099954950
end searcher // st idx: 89899955050
New searcher // idx: 90199954900
end searcher // st idx: 89999955000
New searcher // idx: 90299954850
end searcher // st idx: 90099954950
New searcher // idx: 90399954800
end searcher // st idx: 90199954900
New searcher // idx: 90499954750
end searcher // st idx: 90299954850
New searcher // idx: 90599954700
end searcher // st idx: 90399954800
New searcher // idx: 90699954650
end searcher // st idx: 90499954750
New searcher // idx: 90799954600
end searcher // st idx: 90599954700
New searcher // idx: 90899954550
end searcher // st idx: 90699954650
New searcher // idx: 90999954500
end searcher // st idx: 90799954600
New searcher // idx: 91099954450
end searcher // st idx: 90899954550
New searcher // idx: 91199954400
end searcher // st idx: 90999954500
New searcher // idx: 91299954350
end searcher // st idx: 91099954450
New searcher // idx: 91399954300
end searcher // st idx: 91199954400
New searcher // idx: 91499954250
end searcher // st idx: 91299954350
New searcher // idx: 91599954200
end searcher // st idx: 91399954300
New searcher // idx: 91699954150
end searcher // st idx: 91499954250
New searcher // idx: 91799954100
end searcher // st idx: 91599954200
New searcher // idx: 91899954050
end searcher // st idx: 91699954150
New searcher // idx: 91999954000
end searcher // st idx: 91799954100
New searcher // idx: 92099953950
end searcher // st idx: 91899954050
New searcher // idx: 92199953900
end searcher // st idx: 91999954000
New searcher // idx: 92299953850
end searcher // st idx: 92099953950
New searcher // idx: 92399953800
end searcher // st idx: 92199953900
New searcher // idx: 92499953750
end searcher // st idx: 92299953850
New searcher // idx: 92599953700
end searcher // st idx: 92399953800
New searcher // idx: 92699953650
end searcher // st idx: 92599953700
New searcher // idx: 92799953600
end searcher // st idx: 92499953750
New searcher // idx: 92899953550
end searcher // st idx: 92699953650
New searcher // idx: 92999953500
end searcher // st idx: 92799953600
New searcher // idx: 93099953450
end searcher // st idx: 92899953550
New searcher // idx: 93199953400
palindrome found! size: 21 // center idx: 93072604107 // pal: 284399785272587993482
end searcher // st idx: 92999953500
New searcher // idx: 93299953350
end searcher // st idx: 93099953450
New searcher // idx: 93399953300
end searcher // st idx: 93199953400
New searcher // idx: 93499953250
end searcher // st idx: 93299953350
New searcher // idx: 93599953200
end searcher // st idx: 93399953300
New searcher // idx: 93699953150
end searcher // st idx: 93499953250
New searcher // idx: 93799953100
end searcher // st idx: 93599953200
New searcher // idx: 93899953050
end searcher // st idx: 93699953150
New searcher // idx: 93999953000
end searcher // st idx: 93799953100
New searcher // idx: 94099952950
end searcher // st idx: 93899953050
New searcher // idx: 94199952900
end searcher // st idx: 93999953000
New searcher // idx: 94299952850
end searcher // st idx: 94099952950
New searcher // idx: 94399952800
end searcher // st idx: 94199952900
New searcher // idx: 94499952750
end searcher // st idx: 94299952850
New searcher // idx: 94599952700
end searcher // st idx: 94399952800
New searcher // idx: 94699952650
end searcher // st idx: 94499952750
New searcher // idx: 94799952600
end searcher // st idx: 94599952700
New searcher // idx: 94899952550
end searcher // st idx: 94699952650
New searcher // idx: 94999952500
end searcher // st idx: 94799952600
New searcher // idx: 95099952450
end searcher // st idx: 94899952550
New searcher // idx: 95199952400
end searcher // st idx: 94999952500
New searcher // idx: 95299952350
end searcher // st idx: 95099952450
New searcher // idx: 95399952300
end searcher // st idx: 95199952400
New searcher // idx: 95499952250
end searcher // st idx: 95299952350
New searcher // idx: 95599952200
end searcher // st idx: 95399952300
New searcher // idx: 95699952150
end searcher // st idx: 95499952250
New searcher // idx: 95799952100
end searcher // st idx: 95599952200
New searcher // idx: 95899952050
end searcher // st idx: 95699952150
New searcher // idx: 95999952000
end searcher // st idx: 95799952100
New searcher // idx: 96099951950
end searcher // st idx: 95899952050
New searcher // idx: 96199951900
end searcher // st idx: 95999952000
New searcher // idx: 96299951850
end searcher // st idx: 96099951950
New searcher // idx: 96399951800
end searcher // st idx: 96199951900
New searcher // idx: 96499951750
end searcher // st idx: 96299951850
New searcher // idx: 96599951700
end searcher // st idx: 96499951750
New searcher // idx: 96699951650
end searcher // st idx: 96399951800
New searcher // idx: 96799951600
end searcher // st idx: 96599951700
New searcher // idx: 96899951550
end searcher // st idx: 96699951650
New searcher // idx: 96999951500
end searcher // st idx: 96799951600
New searcher // idx: 97099951450
end searcher // st idx: 96899951550
New searcher // idx: 97199951400
end searcher // st idx: 96999951500
New searcher // idx: 97299951350
end searcher // st idx: 97099951450
New searcher // idx: 97399951300
end searcher // st idx: 97199951400
New searcher // idx: 97499951250
end searcher // st idx: 97299951350
New searcher // idx: 97599951200
end searcher // st idx: 97399951300
New searcher // idx: 97699951150
end searcher // st idx: 97499951250
New searcher // idx: 97799951100
end searcher // st idx: 97599951200
New searcher // idx: 97899951050
end searcher // st idx: 97699951150
New searcher // idx: 97999951000
end searcher // st idx: 97799951100
New searcher // idx: 98099950950
end searcher // st idx: 97899951050
New searcher // idx: 98199950900
end searcher // st idx: 97999951000
New searcher // idx: 98299950850
end searcher // st idx: 98099950950
New searcher // idx: 98399950800
end searcher // st idx: 98199950900
New searcher // idx: 98499950750
end searcher // st idx: 98299950850
New searcher // idx: 98599950700
end searcher // st idx: 98399950800
New searcher // idx: 98699950650
end searcher // st idx: 98499950750
New searcher // idx: 98799950600
end searcher // st idx: 98599950700
New searcher // idx: 98899950550
end searcher // st idx: 98699950650
New searcher // idx: 98999950500
end searcher // st idx: 98799950600
New searcher // idx: 99099950450
end searcher // st idx: 98899950550
New searcher // idx: 99199950400
end searcher // st idx: 98999950500
New searcher // idx: 99299950350
end searcher // st idx: 99099950450
New searcher // idx: 99399950300
end searcher // st idx: 99199950400
New searcher // idx: 99499950250
palindrome found! size: 21 // center idx: 99459252346 // pal: 793467433494334764397
end searcher // st idx: 99299950350
New searcher // idx: 99599950200
end searcher // st idx: 99399950300
New searcher // idx: 99699950150
end searcher // st idx: 99499950250
New searcher // idx: 99799950100
end searcher // st idx: 99599950200
New searcher // idx: 99899950050
end searcher // st idx: 99699950150
New searcher // idx: 99999950000
end searcher // st idx: 99999950000
end searcher // st idx: 99799950100
end searcher // st idx: 99899950050
