Starting search in ./input/palindromes457.txt
ERROR: txt filename is wrong. Expected: pi458.txt - continuing anyway...
Starting search in ./input/palindromes457.txt
ERROR: txt filename is wrong. Expected: pi458.txt - continuing anyway...
Finished search in ./input/palindromes457.txt
Starting search in ./input/palindromes458.txt
ERROR: txt filename is wrong. Expected: pi459.txt - continuing anyway...
Finished search in ./input/palindromes458.txt
Starting search in ./input/pi-1b.txt
ERROR: txt filename is wrong. Expected: pi460.txt - continuing anyway...
Starting search in ./input/pi-1b.txt
ERROR: txt filename is wrong. Expected: pi460.txt - continuing anyway...
Starting search in ./input/pi-1b.txt
ERROR: txt filename is wrong. Expected: pi460.txt - continuing anyway...
Starting search in ./input/pi-1b.txt
ERROR: txt filename is wrong. Expected: pi460.txt - continuing anyway...
Starting search in ./input/pi-1b.txt
ERROR: txt filename is wrong. Expected: pi460.txt - continuing anyway...
Finished search in ./input/pi-1b.txt
Starting search in ./input/pi-1b.txt
ERROR: txt filename is wrong. Expected: pi461.txt - continuing anyway...
Starting search in ./input/pi-1b.txt
ERROR: txt filename is wrong. Expected: pi461.txt - continuing anyway...
Finished search in ./input/pi-1b.txt
Starting search in ./input/pi-1b.txt
ERROR: txt filename is wrong. Expected: pi462.txt - continuing anyway...
Finished search in ./input/pi-1b.txt
Starting search in ./input/pi-1b.txt
ERROR: txt filename is wrong. Expected: pi463.txt - continuing anyway...
Finished search in ./input/pi-1b.txt
Starting search in ./input/pi-1b.txt
ERROR: txt filename is wrong. Expected: pi464.txt - continuing anyway...
Finished search in ./input/pi-1b.txt
Starting search in ./input/pi-1b.txt
ERROR: txt filename is wrong. Expected: pi465.txt - continuing anyway...
Finished search in ./input/pi-1b.txt
Starting search in ./input/pi-1b.txt
ERROR: txt filename is wrong. Expected: pi466.txt - continuing anyway...
Starting search in ./input/pi-1b.txt
ERROR: txt filename is wrong. Expected: pi466.txt - continuing anyway...
Starting search in ./input/pi-1b.txt
ERROR: txt filename is wrong. Expected: pi466.txt - continuing anyway...
Finished search in ./input/pi-1b.txt
Starting search in ./input/pi-1b.txt
ERROR: txt filename is wrong. Expected: pi467.txt - continuing anyway...
Finished search in ./input/pi-1b.txt
Starting search in ./input/pi-1b.txt
ERROR: txt filename is wrong. Expected: pi468.txt - continuing anyway...
Finished search in ./input/pi-1b.txt
Starting search in ./input/pi-1b.txt
ERROR: txt filename is wrong. Expected: pi469.txt - continuing anyway...
